<?xml version="1.0" encoding="UTF-8"?>
<testsuite xmlns:xsi="http://www.w3.org/2001/XMLSchema-instance" xsi:noNamespaceSchemaLocation="https://maven.apache.org/surefire/maven-surefire-plugin/xsd/surefire-test-report-3.0.xsd" version="3.0" name="testrunner.Testrun" time="44.325" tests="1" errors="0" skipped="0" failures="0">
  <properties>
    <property name="java.specification.version" value="17"/>
    <property name="sun.cpu.isalist" value="amd64"/>
    <property name="sun.jnu.encoding" value="Cp1252"/>
    <property name="java.class.path" value="C:\Users\tusha\eclipse-workspace\RegisterNopcommerce.com\target\test-classes;C:\Users\tusha\eclipse-workspace\RegisterNopcommerce.com\target\classes;C:\Users\tusha\.m2\repository\junit\junit\4.11\junit-4.11.jar;C:\Users\tusha\.m2\repository\io\cucumber\cucumber-html\0.2.7\cucumber-html-0.2.7.jar;C:\Users\tusha\.m2\repository\net\sourceforge\cobertura\cobertura\2.1.1\cobertura-2.1.1.jar;C:\Users\tusha\.m2\repository\org\ow2\asm\asm\5.0.1\asm-5.0.1.jar;C:\Users\tusha\.m2\repository\org\ow2\asm\asm-tree\5.0.1\asm-tree-5.0.1.jar;C:\Users\tusha\.m2\repository\org\ow2\asm\asm-commons\5.0.1\asm-commons-5.0.1.jar;C:\Users\tusha\.m2\repository\org\ow2\asm\asm-util\5.0.1\asm-util-5.0.1.jar;C:\Users\tusha\.m2\repository\org\ow2\asm\asm-analysis\5.0.1\asm-analysis-5.0.1.jar;C:\Users\tusha\.m2\repository\oro\oro\2.0.8\oro-2.0.8.jar;C:\Users\tusha\.m2\repository\jaxen\jaxen\1.1.4\jaxen-1.1.4.jar;C:\Users\tusha\.m2\repository\org\apache\ant\ant\1.8.3\ant-1.8.3.jar;C:\Users\tusha\.m2\repository\org\apache\ant\ant-launcher\1.8.3\ant-launcher-1.8.3.jar;C:\Users\tusha\.m2\repository\org\apache\ant\ant-junit\1.8.3\ant-junit-1.8.3.jar;C:\Users\tusha\.m2\repository\org\mortbay\jetty\servlet-api-2.5\6.1.14\servlet-api-2.5-6.1.14.jar;C:\Users\tusha\.m2\repository\org\mortbay\jetty\jetty\6.1.14\jetty-6.1.14.jar;C:\Users\tusha\.m2\repository\org\mortbay\jetty\jetty-util\6.1.14\jetty-util-6.1.14.jar;C:\Users\tusha\.m2\repository\org\slf4j\slf4j-api\1.7.5\slf4j-api-1.7.5.jar;C:\Users\tusha\.m2\repository\ch\qos\logback\logback-classic\1.0.13\logback-classic-1.0.13.jar;C:\Users\tusha\.m2\repository\ch\qos\logback\logback-core\1.0.13\logback-core-1.0.13.jar;C:\Users\tusha\.m2\repository\org\apache\commons\commons-lang3\3.3.2\commons-lang3-3.3.2.jar;C:\Users\tusha\.m2\repository\io\cucumber\cucumber-java\7.3.4\cucumber-java-7.3.4.jar;C:\Users\tusha\.m2\repository\io\cucumber\cucumber-core\7.3.4\cucumber-core-7.3.4.jar;C:\Users\tusha\.m2\repository\io\cucumber\cucumber-gherkin\7.3.4\cucumber-gherkin-7.3.4.jar;C:\Users\tusha\.m2\repository\io\cucumber\cucumber-gherkin-messages\7.3.4\cucumber-gherkin-messages-7.3.4.jar;C:\Users\tusha\.m2\repository\io\cucumber\tag-expressions\4.1.0\tag-expressions-4.1.0.jar;C:\Users\tusha\.m2\repository\io\cucumber\cucumber-expressions\15.1.1\cucumber-expressions-15.1.1.jar;C:\Users\tusha\.m2\repository\io\cucumber\datatable\7.3.4\datatable-7.3.4.jar;C:\Users\tusha\.m2\repository\io\cucumber\cucumber-plugin\7.3.4\cucumber-plugin-7.3.4.jar;C:\Users\tusha\.m2\repository\io\cucumber\docstring\7.3.4\docstring-7.3.4.jar;C:\Users\tusha\.m2\repository\io\cucumber\html-formatter\19.1.0\html-formatter-19.1.0.jar;C:\Users\tusha\.m2\repository\io\cucumber\ci-environment\9.0.4\ci-environment-9.0.4.jar;C:\Users\tusha\.m2\repository\org\apiguardian\apiguardian-api\1.1.2\apiguardian-api-1.1.2.jar;C:\Users\tusha\.m2\repository\io\cucumber\cucumber-jvm-deps\1.0.6\cucumber-jvm-deps-1.0.6.jar;C:\Users\tusha\.m2\repository\net\masterthought\cucumber-reporting\5.7.1\cucumber-reporting-5.7.1.jar;C:\Users\tusha\.m2\repository\com\fasterxml\jackson\core\jackson-databind\2.13.2.2\jackson-databind-2.13.2.2.jar;C:\Users\tusha\.m2\repository\com\fasterxml\jackson\core\jackson-annotations\2.13.2\jackson-annotations-2.13.2.jar;C:\Users\tusha\.m2\repository\com\fasterxml\jackson\core\jackson-core\2.13.2\jackson-core-2.13.2.jar;C:\Users\tusha\.m2\repository\com\fasterxml\jackson\datatype\jackson-datatype-jsr310\2.13.2\jackson-datatype-jsr310-2.13.2.jar;C:\Users\tusha\.m2\repository\org\apache\velocity\velocity-engine-core\2.3\velocity-engine-core-2.3.jar;C:\Users\tusha\.m2\repository\commons-collections\commons-collections\3.2.2\commons-collections-3.2.2.jar;C:\Users\tusha\.m2\repository\joda-time\joda-time\2.10.14\joda-time-2.10.14.jar;C:\Users\tusha\.m2\repository\org\codehaus\plexus\plexus-utils\3.4.2\plexus-utils-3.4.2.jar;C:\Users\tusha\.m2\repository\org\jsoup\jsoup\1.15.1\jsoup-1.15.1.jar;C:\Users\tusha\.m2\repository\com\google\guava\guava\31.1-jre\guava-31.1-jre.jar;C:\Users\tusha\.m2\repository\com\google\guava\failureaccess\1.0.1\failureaccess-1.0.1.jar;C:\Users\tusha\.m2\repository\com\google\guava\listenablefuture\9999.0-empty-to-avoid-conflict-with-guava\listenablefuture-9999.0-empty-to-avoid-conflict-with-guava.jar;C:\Users\tusha\.m2\repository\com\google\code\findbugs\jsr305\3.0.2\jsr305-3.0.2.jar;C:\Users\tusha\.m2\repository\org\checkerframework\checker-qual\3.12.0\checker-qual-3.12.0.jar;C:\Users\tusha\.m2\repository\com\google\errorprone\error_prone_annotations\2.11.0\error_prone_annotations-2.11.0.jar;C:\Users\tusha\.m2\repository\com\google\j2objc\j2objc-annotations\1.3\j2objc-annotations-1.3.jar;C:\Users\tusha\.m2\repository\com\googlecode\owasp-java-html-sanitizer\owasp-java-html-sanitizer\20211018.2\owasp-java-html-sanitizer-20211018.2.jar;C:\Users\tusha\.m2\repository\commons-configuration\commons-configuration\1.10\commons-configuration-1.10.jar;C:\Users\tusha\.m2\repository\commons-lang\commons-lang\2.6\commons-lang-2.6.jar;C:\Users\tusha\.m2\repository\commons-logging\commons-logging\1.1.1\commons-logging-1.1.1.jar;C:\Users\tusha\.m2\repository\org\hamcrest\hamcrest-core\2.2\hamcrest-core-2.2.jar;C:\Users\tusha\.m2\repository\org\hamcrest\hamcrest\2.2\hamcrest-2.2.jar;C:\Users\tusha\.m2\repository\io\cucumber\gherkin\23.0.1\gherkin-23.0.1.jar;C:\Users\tusha\.m2\repository\io\cucumber\messages\18.0.0\messages-18.0.0.jar;C:\Users\tusha\.m2\repository\org\seleniumhq\selenium\selenium-java\4.11.0\selenium-java-4.11.0.jar;C:\Users\tusha\.m2\repository\org\seleniumhq\selenium\selenium-api\4.11.0\selenium-api-4.11.0.jar;C:\Users\tusha\.m2\repository\org\seleniumhq\selenium\selenium-chrome-driver\4.11.0\selenium-chrome-driver-4.11.0.jar;C:\Users\tusha\.m2\repository\com\google\auto\service\auto-service-annotations\1.0.1\auto-service-annotations-1.0.1.jar;C:\Users\tusha\.m2\repository\org\seleniumhq\selenium\selenium-chromium-driver\4.11.0\selenium-chromium-driver-4.11.0.jar;C:\Users\tusha\.m2\repository\org\seleniumhq\selenium\selenium-json\4.11.0\selenium-json-4.11.0.jar;C:\Users\tusha\.m2\repository\org\seleniumhq\selenium\selenium-manager\4.11.0\selenium-manager-4.11.0.jar;C:\Users\tusha\.m2\repository\org\seleniumhq\selenium\selenium-devtools-v113\4.11.0\selenium-devtools-v113-4.11.0.jar;C:\Users\tusha\.m2\repository\org\seleniumhq\selenium\selenium-devtools-v114\4.11.0\selenium-devtools-v114-4.11.0.jar;C:\Users\tusha\.m2\repository\org\seleniumhq\selenium\selenium-devtools-v115\4.11.0\selenium-devtools-v115-4.11.0.jar;C:\Users\tusha\.m2\repository\org\seleniumhq\selenium\selenium-devtools-v85\4.11.0\selenium-devtools-v85-4.11.0.jar;C:\Users\tusha\.m2\repository\org\seleniumhq\selenium\selenium-edge-driver\4.11.0\selenium-edge-driver-4.11.0.jar;C:\Users\tusha\.m2\repository\org\seleniumhq\selenium\selenium-firefox-driver\4.11.0\selenium-firefox-driver-4.11.0.jar;C:\Users\tusha\.m2\repository\org\seleniumhq\selenium\selenium-http\4.11.0\selenium-http-4.11.0.jar;C:\Users\tusha\.m2\repository\dev\failsafe\failsafe\3.3.1\failsafe-3.3.1.jar;C:\Users\tusha\.m2\repository\org\seleniumhq\selenium\selenium-ie-driver\4.11.0\selenium-ie-driver-4.11.0.jar;C:\Users\tusha\.m2\repository\org\seleniumhq\selenium\selenium-remote-driver\4.11.0\selenium-remote-driver-4.11.0.jar;C:\Users\tusha\.m2\repository\io\netty\netty-buffer\4.1.92.Final\netty-buffer-4.1.92.Final.jar;C:\Users\tusha\.m2\repository\io\netty\netty-codec-http\4.1.92.Final\netty-codec-http-4.1.92.Final.jar;C:\Users\tusha\.m2\repository\io\netty\netty-codec\4.1.92.Final\netty-codec-4.1.92.Final.jar;C:\Users\tusha\.m2\repository\io\netty\netty-handler\4.1.92.Final\netty-handler-4.1.92.Final.jar;C:\Users\tusha\.m2\repository\io\netty\netty-common\4.1.92.Final\netty-common-4.1.92.Final.jar;C:\Users\tusha\.m2\repository\io\netty\netty-transport-classes-epoll\4.1.92.Final\netty-transport-classes-epoll-4.1.92.Final.jar;C:\Users\tusha\.m2\repository\io\netty\netty-transport-classes-kqueue\4.1.92.Final\netty-transport-classes-kqueue-4.1.92.Final.jar;C:\Users\tusha\.m2\repository\io\netty\netty-transport-native-epoll\4.1.92.Final\netty-transport-native-epoll-4.1.92.Final.jar;C:\Users\tusha\.m2\repository\io\netty\netty-transport-native-kqueue\4.1.92.Final\netty-transport-native-kqueue-4.1.92.Final.jar;C:\Users\tusha\.m2\repository\io\netty\netty-transport-native-unix-common\4.1.92.Final\netty-transport-native-unix-common-4.1.92.Final.jar;C:\Users\tusha\.m2\repository\io\netty\netty-transport\4.1.92.Final\netty-transport-4.1.92.Final.jar;C:\Users\tusha\.m2\repository\io\netty\netty-resolver\4.1.92.Final\netty-resolver-4.1.92.Final.jar;C:\Users\tusha\.m2\repository\io\opentelemetry\opentelemetry-api\1.26.0\opentelemetry-api-1.26.0.jar;C:\Users\tusha\.m2\repository\io\opentelemetry\opentelemetry-context\1.26.0\opentelemetry-context-1.26.0.jar;C:\Users\tusha\.m2\repository\io\opentelemetry\opentelemetry-exporter-logging\1.26.0\opentelemetry-exporter-logging-1.26.0.jar;C:\Users\tusha\.m2\repository\io\opentelemetry\opentelemetry-sdk-metrics\1.26.0\opentelemetry-sdk-metrics-1.26.0.jar;C:\Users\tusha\.m2\repository\io\opentelemetry\opentelemetry-extension-incubator\1.26.0-alpha\opentelemetry-extension-incubator-1.26.0-alpha.jar;C:\Users\tusha\.m2\repository\io\opentelemetry\opentelemetry-sdk-logs\1.26.0-alpha\opentelemetry-sdk-logs-1.26.0-alpha.jar;C:\Users\tusha\.m2\repository\io\opentelemetry\opentelemetry-api-logs\1.26.0-alpha\opentelemetry-api-logs-1.26.0-alpha.jar;C:\Users\tusha\.m2\repository\io\opentelemetry\opentelemetry-api-events\1.26.0-alpha\opentelemetry-api-events-1.26.0-alpha.jar;C:\Users\tusha\.m2\repository\io\opentelemetry\opentelemetry-sdk-common\1.26.0\opentelemetry-sdk-common-1.26.0.jar;C:\Users\tusha\.m2\repository\io\opentelemetry\opentelemetry-sdk-extension-autoconfigure-spi\1.26.0\opentelemetry-sdk-extension-autoconfigure-spi-1.26.0.jar;C:\Users\tusha\.m2\repository\io\opentelemetry\opentelemetry-sdk-extension-autoconfigure\1.26.0-alpha\opentelemetry-sdk-extension-autoconfigure-1.26.0-alpha.jar;C:\Users\tusha\.m2\repository\io\opentelemetry\opentelemetry-sdk-trace\1.26.0\opentelemetry-sdk-trace-1.26.0.jar;C:\Users\tusha\.m2\repository\io\opentelemetry\opentelemetry-sdk\1.26.0\opentelemetry-sdk-1.26.0.jar;C:\Users\tusha\.m2\repository\io\opentelemetry\opentelemetry-semconv\1.26.0-alpha\opentelemetry-semconv-1.26.0-alpha.jar;C:\Users\tusha\.m2\repository\net\bytebuddy\byte-buddy\1.14.4\byte-buddy-1.14.4.jar;C:\Users\tusha\.m2\repository\org\apache\commons\commons-exec\1.3\commons-exec-1.3.jar;C:\Users\tusha\.m2\repository\org\asynchttpclient\async-http-client\2.12.3\async-http-client-2.12.3.jar;C:\Users\tusha\.m2\repository\org\asynchttpclient\async-http-client-netty-utils\2.12.3\async-http-client-netty-utils-2.12.3.jar;C:\Users\tusha\.m2\repository\io\netty\netty-codec-socks\4.1.60.Final\netty-codec-socks-4.1.60.Final.jar;C:\Users\tusha\.m2\repository\io\netty\netty-handler-proxy\4.1.60.Final\netty-handler-proxy-4.1.60.Final.jar;C:\Users\tusha\.m2\repository\io\netty\netty-transport-native-epoll\4.1.60.Final\netty-transport-native-epoll-4.1.60.Final-linux-x86_64.jar;C:\Users\tusha\.m2\repository\io\netty\netty-transport-native-kqueue\4.1.60.Final\netty-transport-native-kqueue-4.1.60.Final-osx-x86_64.jar;C:\Users\tusha\.m2\repository\org\reactivestreams\reactive-streams\1.0.3\reactive-streams-1.0.3.jar;C:\Users\tusha\.m2\repository\com\typesafe\netty\netty-reactive-streams\2.0.4\netty-reactive-streams-2.0.4.jar;C:\Users\tusha\.m2\repository\com\sun\activation\jakarta.activation\1.2.2\jakarta.activation-1.2.2.jar;C:\Users\tusha\.m2\repository\org\seleniumhq\selenium\selenium-safari-driver\4.11.0\selenium-safari-driver-4.11.0.jar;C:\Users\tusha\.m2\repository\org\seleniumhq\selenium\selenium-support\4.11.0\selenium-support-4.11.0.jar;C:\Users\tusha\.m2\repository\io\github\bonigarcia\webdrivermanager\5.7.0\webdrivermanager-5.7.0.jar;C:\Users\tusha\.m2\repository\com\google\code\gson\gson\2.10.1\gson-2.10.1.jar;C:\Users\tusha\.m2\repository\com\github\docker-java\docker-java\3.3.5\docker-java-3.3.5.jar;C:\Users\tusha\.m2\repository\com\github\docker-java\docker-java-core\3.3.5\docker-java-core-3.3.5.jar;C:\Users\tusha\.m2\repository\com\github\docker-java\docker-java-api\3.3.5\docker-java-api-3.3.5.jar;C:\Users\tusha\.m2\repository\org\bouncycastle\bcpkix-jdk18on\1.76\bcpkix-jdk18on-1.76.jar;C:\Users\tusha\.m2\repository\org\bouncycastle\bcprov-jdk18on\1.76\bcprov-jdk18on-1.76.jar;C:\Users\tusha\.m2\repository\org\bouncycastle\bcutil-jdk18on\1.76\bcutil-jdk18on-1.76.jar;C:\Users\tusha\.m2\repository\org\slf4j\jcl-over-slf4j\1.7.30\jcl-over-slf4j-1.7.30.jar;C:\Users\tusha\.m2\repository\com\github\docker-java\docker-java-transport-httpclient5\3.3.5\docker-java-transport-httpclient5-3.3.5.jar;C:\Users\tusha\.m2\repository\com\github\docker-java\docker-java-transport\3.3.5\docker-java-transport-3.3.5.jar;C:\Users\tusha\.m2\repository\net\java\dev\jna\jna\5.13.0\jna-5.13.0.jar;C:\Users\tusha\.m2\repository\org\brotli\dec\0.1.2\dec-0.1.2.jar;C:\Users\tusha\.m2\repository\org\apache\commons\commons-compress\1.26.0\commons-compress-1.26.0.jar;C:\Users\tusha\.m2\repository\org\apache\httpcomponents\client5\httpclient5\5.2.1\httpclient5-5.2.1.jar;C:\Users\tusha\.m2\repository\org\apache\httpcomponents\core5\httpcore5\5.2\httpcore5-5.2.jar;C:\Users\tusha\.m2\repository\org\apache\httpcomponents\core5\httpcore5-h2\5.2\httpcore5-h2-5.2.jar;C:\Program Files\Java\jdk-17\lib\tools-1.5.0.jar;C:\Users\tusha\.m2\repository\commons-io\commons-io\2.11.0\commons-io-2.11.0.jar;C:\Users\tusha\.m2\repository\org\apache\logging\log4j\log4j-core\2.17.2\log4j-core-2.17.2.jar;C:\Users\tusha\.m2\repository\org\apache\logging\log4j\log4j-api\2.17.2\log4j-api-2.17.2.jar;C:\Users\tusha\.m2\repository\io\cucumber\cucumber-junit\7.11.0\cucumber-junit-7.11.0.jar;"/>
    <property name="java.vm.vendor" value="Oracle Corporation"/>
    <property name="sun.arch.data.model" value="64"/>
    <property name="user.variant" value=""/>
    <property name="java.vendor.url" value="https://java.oracle.com/"/>
    <property name="user.timezone" value="Asia/Calcutta"/>
    <property name="os.name" value="Windows 11"/>
    <property name="java.vm.specification.version" value="17"/>
    <property name="sun.java.launcher" value="SUN_STANDARD"/>
    <property name="user.country" value="IN"/>
    <property name="sun.boot.library.path" value="C:\Program Files\Java\jdk-17\bin"/>
    <property name="sun.java.command" value="C:\Users\tusha\AppData\Local\Temp\surefire11843365230533833794\surefirebooter-20240616184614589_3.jar C:\Users\tusha\AppData\Local\Temp\surefire11843365230533833794 2024-06-16T18-46-14_453-jvmRun1 surefire-20240616184614589_1tmp surefire_0-20240616184614589_2tmp"/>
    <property name="jdk.debug" value="release"/>
    <property name="surefire.test.class.path" value="C:\Users\tusha\eclipse-workspace\RegisterNopcommerce.com\target\test-classes;C:\Users\tusha\eclipse-workspace\RegisterNopcommerce.com\target\classes;C:\Users\tusha\.m2\repository\junit\junit\4.11\junit-4.11.jar;C:\Users\tusha\.m2\repository\io\cucumber\cucumber-html\0.2.7\cucumber-html-0.2.7.jar;C:\Users\tusha\.m2\repository\net\sourceforge\cobertura\cobertura\2.1.1\cobertura-2.1.1.jar;C:\Users\tusha\.m2\repository\org\ow2\asm\asm\5.0.1\asm-5.0.1.jar;C:\Users\tusha\.m2\repository\org\ow2\asm\asm-tree\5.0.1\asm-tree-5.0.1.jar;C:\Users\tusha\.m2\repository\org\ow2\asm\asm-commons\5.0.1\asm-commons-5.0.1.jar;C:\Users\tusha\.m2\repository\org\ow2\asm\asm-util\5.0.1\asm-util-5.0.1.jar;C:\Users\tusha\.m2\repository\org\ow2\asm\asm-analysis\5.0.1\asm-analysis-5.0.1.jar;C:\Users\tusha\.m2\repository\oro\oro\2.0.8\oro-2.0.8.jar;C:\Users\tusha\.m2\repository\jaxen\jaxen\1.1.4\jaxen-1.1.4.jar;C:\Users\tusha\.m2\repository\org\apache\ant\ant\1.8.3\ant-1.8.3.jar;C:\Users\tusha\.m2\repository\org\apache\ant\ant-launcher\1.8.3\ant-launcher-1.8.3.jar;C:\Users\tusha\.m2\repository\org\apache\ant\ant-junit\1.8.3\ant-junit-1.8.3.jar;C:\Users\tusha\.m2\repository\org\mortbay\jetty\servlet-api-2.5\6.1.14\servlet-api-2.5-6.1.14.jar;C:\Users\tusha\.m2\repository\org\mortbay\jetty\jetty\6.1.14\jetty-6.1.14.jar;C:\Users\tusha\.m2\repository\org\mortbay\jetty\jetty-util\6.1.14\jetty-util-6.1.14.jar;C:\Users\tusha\.m2\repository\org\slf4j\slf4j-api\1.7.5\slf4j-api-1.7.5.jar;C:\Users\tusha\.m2\repository\ch\qos\logback\logback-classic\1.0.13\logback-classic-1.0.13.jar;C:\Users\tusha\.m2\repository\ch\qos\logback\logback-core\1.0.13\logback-core-1.0.13.jar;C:\Users\tusha\.m2\repository\org\apache\commons\commons-lang3\3.3.2\commons-lang3-3.3.2.jar;C:\Users\tusha\.m2\repository\io\cucumber\cucumber-java\7.3.4\cucumber-java-7.3.4.jar;C:\Users\tusha\.m2\repository\io\cucumber\cucumber-core\7.3.4\cucumber-core-7.3.4.jar;C:\Users\tusha\.m2\repository\io\cucumber\cucumber-gherkin\7.3.4\cucumber-gherkin-7.3.4.jar;C:\Users\tusha\.m2\repository\io\cucumber\cucumber-gherkin-messages\7.3.4\cucumber-gherkin-messages-7.3.4.jar;C:\Users\tusha\.m2\repository\io\cucumber\tag-expressions\4.1.0\tag-expressions-4.1.0.jar;C:\Users\tusha\.m2\repository\io\cucumber\cucumber-expressions\15.1.1\cucumber-expressions-15.1.1.jar;C:\Users\tusha\.m2\repository\io\cucumber\datatable\7.3.4\datatable-7.3.4.jar;C:\Users\tusha\.m2\repository\io\cucumber\cucumber-plugin\7.3.4\cucumber-plugin-7.3.4.jar;C:\Users\tusha\.m2\repository\io\cucumber\docstring\7.3.4\docstring-7.3.4.jar;C:\Users\tusha\.m2\repository\io\cucumber\html-formatter\19.1.0\html-formatter-19.1.0.jar;C:\Users\tusha\.m2\repository\io\cucumber\ci-environment\9.0.4\ci-environment-9.0.4.jar;C:\Users\tusha\.m2\repository\org\apiguardian\apiguardian-api\1.1.2\apiguardian-api-1.1.2.jar;C:\Users\tusha\.m2\repository\io\cucumber\cucumber-jvm-deps\1.0.6\cucumber-jvm-deps-1.0.6.jar;C:\Users\tusha\.m2\repository\net\masterthought\cucumber-reporting\5.7.1\cucumber-reporting-5.7.1.jar;C:\Users\tusha\.m2\repository\com\fasterxml\jackson\core\jackson-databind\2.13.2.2\jackson-databind-2.13.2.2.jar;C:\Users\tusha\.m2\repository\com\fasterxml\jackson\core\jackson-annotations\2.13.2\jackson-annotations-2.13.2.jar;C:\Users\tusha\.m2\repository\com\fasterxml\jackson\core\jackson-core\2.13.2\jackson-core-2.13.2.jar;C:\Users\tusha\.m2\repository\com\fasterxml\jackson\datatype\jackson-datatype-jsr310\2.13.2\jackson-datatype-jsr310-2.13.2.jar;C:\Users\tusha\.m2\repository\org\apache\velocity\velocity-engine-core\2.3\velocity-engine-core-2.3.jar;C:\Users\tusha\.m2\repository\commons-collections\commons-collections\3.2.2\commons-collections-3.2.2.jar;C:\Users\tusha\.m2\repository\joda-time\joda-time\2.10.14\joda-time-2.10.14.jar;C:\Users\tusha\.m2\repository\org\codehaus\plexus\plexus-utils\3.4.2\plexus-utils-3.4.2.jar;C:\Users\tusha\.m2\repository\org\jsoup\jsoup\1.15.1\jsoup-1.15.1.jar;C:\Users\tusha\.m2\repository\com\google\guava\guava\31.1-jre\guava-31.1-jre.jar;C:\Users\tusha\.m2\repository\com\google\guava\failureaccess\1.0.1\failureaccess-1.0.1.jar;C:\Users\tusha\.m2\repository\com\google\guava\listenablefuture\9999.0-empty-to-avoid-conflict-with-guava\listenablefuture-9999.0-empty-to-avoid-conflict-with-guava.jar;C:\Users\tusha\.m2\repository\com\google\code\findbugs\jsr305\3.0.2\jsr305-3.0.2.jar;C:\Users\tusha\.m2\repository\org\checkerframework\checker-qual\3.12.0\checker-qual-3.12.0.jar;C:\Users\tusha\.m2\repository\com\google\errorprone\error_prone_annotations\2.11.0\error_prone_annotations-2.11.0.jar;C:\Users\tusha\.m2\repository\com\google\j2objc\j2objc-annotations\1.3\j2objc-annotations-1.3.jar;C:\Users\tusha\.m2\repository\com\googlecode\owasp-java-html-sanitizer\owasp-java-html-sanitizer\20211018.2\owasp-java-html-sanitizer-20211018.2.jar;C:\Users\tusha\.m2\repository\commons-configuration\commons-configuration\1.10\commons-configuration-1.10.jar;C:\Users\tusha\.m2\repository\commons-lang\commons-lang\2.6\commons-lang-2.6.jar;C:\Users\tusha\.m2\repository\commons-logging\commons-logging\1.1.1\commons-logging-1.1.1.jar;C:\Users\tusha\.m2\repository\org\hamcrest\hamcrest-core\2.2\hamcrest-core-2.2.jar;C:\Users\tusha\.m2\repository\org\hamcrest\hamcrest\2.2\hamcrest-2.2.jar;C:\Users\tusha\.m2\repository\io\cucumber\gherkin\23.0.1\gherkin-23.0.1.jar;C:\Users\tusha\.m2\repository\io\cucumber\messages\18.0.0\messages-18.0.0.jar;C:\Users\tusha\.m2\repository\org\seleniumhq\selenium\selenium-java\4.11.0\selenium-java-4.11.0.jar;C:\Users\tusha\.m2\repository\org\seleniumhq\selenium\selenium-api\4.11.0\selenium-api-4.11.0.jar;C:\Users\tusha\.m2\repository\org\seleniumhq\selenium\selenium-chrome-driver\4.11.0\selenium-chrome-driver-4.11.0.jar;C:\Users\tusha\.m2\repository\com\google\auto\service\auto-service-annotations\1.0.1\auto-service-annotations-1.0.1.jar;C:\Users\tusha\.m2\repository\org\seleniumhq\selenium\selenium-chromium-driver\4.11.0\selenium-chromium-driver-4.11.0.jar;C:\Users\tusha\.m2\repository\org\seleniumhq\selenium\selenium-json\4.11.0\selenium-json-4.11.0.jar;C:\Users\tusha\.m2\repository\org\seleniumhq\selenium\selenium-manager\4.11.0\selenium-manager-4.11.0.jar;C:\Users\tusha\.m2\repository\org\seleniumhq\selenium\selenium-devtools-v113\4.11.0\selenium-devtools-v113-4.11.0.jar;C:\Users\tusha\.m2\repository\org\seleniumhq\selenium\selenium-devtools-v114\4.11.0\selenium-devtools-v114-4.11.0.jar;C:\Users\tusha\.m2\repository\org\seleniumhq\selenium\selenium-devtools-v115\4.11.0\selenium-devtools-v115-4.11.0.jar;C:\Users\tusha\.m2\repository\org\seleniumhq\selenium\selenium-devtools-v85\4.11.0\selenium-devtools-v85-4.11.0.jar;C:\Users\tusha\.m2\repository\org\seleniumhq\selenium\selenium-edge-driver\4.11.0\selenium-edge-driver-4.11.0.jar;C:\Users\tusha\.m2\repository\org\seleniumhq\selenium\selenium-firefox-driver\4.11.0\selenium-firefox-driver-4.11.0.jar;C:\Users\tusha\.m2\repository\org\seleniumhq\selenium\selenium-http\4.11.0\selenium-http-4.11.0.jar;C:\Users\tusha\.m2\repository\dev\failsafe\failsafe\3.3.1\failsafe-3.3.1.jar;C:\Users\tusha\.m2\repository\org\seleniumhq\selenium\selenium-ie-driver\4.11.0\selenium-ie-driver-4.11.0.jar;C:\Users\tusha\.m2\repository\org\seleniumhq\selenium\selenium-remote-driver\4.11.0\selenium-remote-driver-4.11.0.jar;C:\Users\tusha\.m2\repository\io\netty\netty-buffer\4.1.92.Final\netty-buffer-4.1.92.Final.jar;C:\Users\tusha\.m2\repository\io\netty\netty-codec-http\4.1.92.Final\netty-codec-http-4.1.92.Final.jar;C:\Users\tusha\.m2\repository\io\netty\netty-codec\4.1.92.Final\netty-codec-4.1.92.Final.jar;C:\Users\tusha\.m2\repository\io\netty\netty-handler\4.1.92.Final\netty-handler-4.1.92.Final.jar;C:\Users\tusha\.m2\repository\io\netty\netty-common\4.1.92.Final\netty-common-4.1.92.Final.jar;C:\Users\tusha\.m2\repository\io\netty\netty-transport-classes-epoll\4.1.92.Final\netty-transport-classes-epoll-4.1.92.Final.jar;C:\Users\tusha\.m2\repository\io\netty\netty-transport-classes-kqueue\4.1.92.Final\netty-transport-classes-kqueue-4.1.92.Final.jar;C:\Users\tusha\.m2\repository\io\netty\netty-transport-native-epoll\4.1.92.Final\netty-transport-native-epoll-4.1.92.Final.jar;C:\Users\tusha\.m2\repository\io\netty\netty-transport-native-kqueue\4.1.92.Final\netty-transport-native-kqueue-4.1.92.Final.jar;C:\Users\tusha\.m2\repository\io\netty\netty-transport-native-unix-common\4.1.92.Final\netty-transport-native-unix-common-4.1.92.Final.jar;C:\Users\tusha\.m2\repository\io\netty\netty-transport\4.1.92.Final\netty-transport-4.1.92.Final.jar;C:\Users\tusha\.m2\repository\io\netty\netty-resolver\4.1.92.Final\netty-resolver-4.1.92.Final.jar;C:\Users\tusha\.m2\repository\io\opentelemetry\opentelemetry-api\1.26.0\opentelemetry-api-1.26.0.jar;C:\Users\tusha\.m2\repository\io\opentelemetry\opentelemetry-context\1.26.0\opentelemetry-context-1.26.0.jar;C:\Users\tusha\.m2\repository\io\opentelemetry\opentelemetry-exporter-logging\1.26.0\opentelemetry-exporter-logging-1.26.0.jar;C:\Users\tusha\.m2\repository\io\opentelemetry\opentelemetry-sdk-metrics\1.26.0\opentelemetry-sdk-metrics-1.26.0.jar;C:\Users\tusha\.m2\repository\io\opentelemetry\opentelemetry-extension-incubator\1.26.0-alpha\opentelemetry-extension-incubator-1.26.0-alpha.jar;C:\Users\tusha\.m2\repository\io\opentelemetry\opentelemetry-sdk-logs\1.26.0-alpha\opentelemetry-sdk-logs-1.26.0-alpha.jar;C:\Users\tusha\.m2\repository\io\opentelemetry\opentelemetry-api-logs\1.26.0-alpha\opentelemetry-api-logs-1.26.0-alpha.jar;C:\Users\tusha\.m2\repository\io\opentelemetry\opentelemetry-api-events\1.26.0-alpha\opentelemetry-api-events-1.26.0-alpha.jar;C:\Users\tusha\.m2\repository\io\opentelemetry\opentelemetry-sdk-common\1.26.0\opentelemetry-sdk-common-1.26.0.jar;C:\Users\tusha\.m2\repository\io\opentelemetry\opentelemetry-sdk-extension-autoconfigure-spi\1.26.0\opentelemetry-sdk-extension-autoconfigure-spi-1.26.0.jar;C:\Users\tusha\.m2\repository\io\opentelemetry\opentelemetry-sdk-extension-autoconfigure\1.26.0-alpha\opentelemetry-sdk-extension-autoconfigure-1.26.0-alpha.jar;C:\Users\tusha\.m2\repository\io\opentelemetry\opentelemetry-sdk-trace\1.26.0\opentelemetry-sdk-trace-1.26.0.jar;C:\Users\tusha\.m2\repository\io\opentelemetry\opentelemetry-sdk\1.26.0\opentelemetry-sdk-1.26.0.jar;C:\Users\tusha\.m2\repository\io\opentelemetry\opentelemetry-semconv\1.26.0-alpha\opentelemetry-semconv-1.26.0-alpha.jar;C:\Users\tusha\.m2\repository\net\bytebuddy\byte-buddy\1.14.4\byte-buddy-1.14.4.jar;C:\Users\tusha\.m2\repository\org\apache\commons\commons-exec\1.3\commons-exec-1.3.jar;C:\Users\tusha\.m2\repository\org\asynchttpclient\async-http-client\2.12.3\async-http-client-2.12.3.jar;C:\Users\tusha\.m2\repository\org\asynchttpclient\async-http-client-netty-utils\2.12.3\async-http-client-netty-utils-2.12.3.jar;C:\Users\tusha\.m2\repository\io\netty\netty-codec-socks\4.1.60.Final\netty-codec-socks-4.1.60.Final.jar;C:\Users\tusha\.m2\repository\io\netty\netty-handler-proxy\4.1.60.Final\netty-handler-proxy-4.1.60.Final.jar;C:\Users\tusha\.m2\repository\io\netty\netty-transport-native-epoll\4.1.60.Final\netty-transport-native-epoll-4.1.60.Final-linux-x86_64.jar;C:\Users\tusha\.m2\repository\io\netty\netty-transport-native-kqueue\4.1.60.Final\netty-transport-native-kqueue-4.1.60.Final-osx-x86_64.jar;C:\Users\tusha\.m2\repository\org\reactivestreams\reactive-streams\1.0.3\reactive-streams-1.0.3.jar;C:\Users\tusha\.m2\repository\com\typesafe\netty\netty-reactive-streams\2.0.4\netty-reactive-streams-2.0.4.jar;C:\Users\tusha\.m2\repository\com\sun\activation\jakarta.activation\1.2.2\jakarta.activation-1.2.2.jar;C:\Users\tusha\.m2\repository\org\seleniumhq\selenium\selenium-safari-driver\4.11.0\selenium-safari-driver-4.11.0.jar;C:\Users\tusha\.m2\repository\org\seleniumhq\selenium\selenium-support\4.11.0\selenium-support-4.11.0.jar;C:\Users\tusha\.m2\repository\io\github\bonigarcia\webdrivermanager\5.7.0\webdrivermanager-5.7.0.jar;C:\Users\tusha\.m2\repository\com\google\code\gson\gson\2.10.1\gson-2.10.1.jar;C:\Users\tusha\.m2\repository\com\github\docker-java\docker-java\3.3.5\docker-java-3.3.5.jar;C:\Users\tusha\.m2\repository\com\github\docker-java\docker-java-core\3.3.5\docker-java-core-3.3.5.jar;C:\Users\tusha\.m2\repository\com\github\docker-java\docker-java-api\3.3.5\docker-java-api-3.3.5.jar;C:\Users\tusha\.m2\repository\org\bouncycastle\bcpkix-jdk18on\1.76\bcpkix-jdk18on-1.76.jar;C:\Users\tusha\.m2\repository\org\bouncycastle\bcprov-jdk18on\1.76\bcprov-jdk18on-1.76.jar;C:\Users\tusha\.m2\repository\org\bouncycastle\bcutil-jdk18on\1.76\bcutil-jdk18on-1.76.jar;C:\Users\tusha\.m2\repository\org\slf4j\jcl-over-slf4j\1.7.30\jcl-over-slf4j-1.7.30.jar;C:\Users\tusha\.m2\repository\com\github\docker-java\docker-java-transport-httpclient5\3.3.5\docker-java-transport-httpclient5-3.3.5.jar;C:\Users\tusha\.m2\repository\com\github\docker-java\docker-java-transport\3.3.5\docker-java-transport-3.3.5.jar;C:\Users\tusha\.m2\repository\net\java\dev\jna\jna\5.13.0\jna-5.13.0.jar;C:\Users\tusha\.m2\repository\org\brotli\dec\0.1.2\dec-0.1.2.jar;C:\Users\tusha\.m2\repository\org\apache\commons\commons-compress\1.26.0\commons-compress-1.26.0.jar;C:\Users\tusha\.m2\repository\org\apache\httpcomponents\client5\httpclient5\5.2.1\httpclient5-5.2.1.jar;C:\Users\tusha\.m2\repository\org\apache\httpcomponents\core5\httpcore5\5.2\httpcore5-5.2.jar;C:\Users\tusha\.m2\repository\org\apache\httpcomponents\core5\httpcore5-h2\5.2\httpcore5-h2-5.2.jar;C:\Program Files\Java\jdk-17\lib\tools-1.5.0.jar;C:\Users\tusha\.m2\repository\commons-io\commons-io\2.11.0\commons-io-2.11.0.jar;C:\Users\tusha\.m2\repository\org\apache\logging\log4j\log4j-core\2.17.2\log4j-core-2.17.2.jar;C:\Users\tusha\.m2\repository\org\apache\logging\log4j\log4j-api\2.17.2\log4j-api-2.17.2.jar;C:\Users\tusha\.m2\repository\io\cucumber\cucumber-junit\7.11.0\cucumber-junit-7.11.0.jar;"/>
    <property name="sun.cpu.endian" value="little"/>
    <property name="user.home" value="C:\Users\tusha"/>
    <property name="user.language" value="en"/>
    <property name="java.specification.vendor" value="Oracle Corporation"/>
    <property name="java.version.date" value="2023-07-18"/>
    <property name="java.home" value="C:\Program Files\Java\jdk-17"/>
    <property name="file.separator" value="\"/>
    <property name="basedir" value="C:\Users\tusha\eclipse-workspace\RegisterNopcommerce.com"/>
    <property name="java.vm.compressedOopsMode" value="32-bit"/>
    <property name="line.separator" value="&#10;"/>
    <property name="java.vm.specification.vendor" value="Oracle Corporation"/>
    <property name="java.specification.name" value="Java Platform API Specification"/>
    <property name="surefire.real.class.path" value="C:\Users\tusha\AppData\Local\Temp\surefire11843365230533833794\surefirebooter-20240616184614589_3.jar"/>
    <property name="user.script" value=""/>
    <property name="sun.management.compiler" value="HotSpot 64-Bit Tiered Compilers"/>
    <property name="java.runtime.version" value="17.0.8+9-LTS-211"/>
    <property name="user.name" value="tusha"/>
    <property name="path.separator" value=";"/>
    <property name="os.version" value="10.0"/>
    <property name="java.runtime.name" value="Java(TM) SE Runtime Environment"/>
    <property name="file.encoding" value="Cp1252"/>
    <property name="java.vm.name" value="Java HotSpot(TM) 64-Bit Server VM"/>
    <property name="localRepository" value="C:\Users\tusha\.m2\repository"/>
    <property name="java.vendor.url.bug" value="https://bugreport.java.com/bugreport/"/>
    <property name="java.io.tmpdir" value="C:\Users\tusha\AppData\Local\Temp\"/>
    <property name="java.version" value="17.0.8"/>
    <property name="user.dir" value="C:\Users\tusha\eclipse-workspace\RegisterNopcommerce.com"/>
    <property name="os.arch" value="amd64"/>
    <property name="java.vm.specification.name" value="Java Virtual Machine Specification"/>
    <property name="sun.os.patch.level" value=""/>
    <property name="native.encoding" value="Cp1252"/>
    <property name="java.library.path" value="C:\Program Files\Java\jdk-17\bin;C:\Windows\Sun\Java\bin;C:\Windows\system32;C:\Windows;C:\Program Files\Common Files\Oracle\Java\javapath;C:\Windows\system32;C:\Windows;C:\Windows\System32\Wbem;C:\Windows\System32\WindowsPowerShell\v1.0\;C:\Windows\System32\OpenSSH\;C:\Program Files (x86)\NVIDIA Corporation\PhysX\Common;C:\Program Files\NVIDIA Corporation\NVIDIA NvDLISR;C:\Program Files\Java\jdk-17\bin;C:\Program Files\Common Files\Oracle\Java\javapath;C:\Program Files\MySQL\MySQL Server 8.0\bin;C:\Program Files\MySQL\MySQL Server 8.0\bin;C:\Program Files\Git\cmd;C:\apache-maven-3.9.7\bin;C:\Program Files\Java\jdk-17\bin;C:\Program Files\Java\jdk-17\bin;C:\Program Files\Java\jdk-17\lib;C:\apache-maven-3.9.7;C:\apache-maven-3.9.7\bin;C:\Program Files\Java\jdk-17;C:\Program Files\MySQL\MySQL Shell 8.0\bin\;C:\Users\tusha\AppData\Local\Microsoft\WindowsApps;C:\Users\tusha\AppData\Local\Programs\Microsoft VS Code\bin;."/>
    <property name="java.vm.info" value="mixed mode, sharing"/>
    <property name="java.vendor" value="Oracle Corporation"/>
    <property name="java.vm.version" value="17.0.8+9-LTS-211"/>
    <property name="sun.io.unicode.encoding" value="UnicodeLittle"/>
    <property name="java.class.version" value="61.0"/>
  </properties>
  <testcase name="Verify User is able to Register" classname="SIGNUP" time="43.746">
    <system-out><![CDATA[[DEBUG] Using WebDriverManager 5.7.0
[DEBUG] Resolution chrome=125 in cache (valid until 19:08:29 16/06/2024 IST)
[DEBUG] Resolution chrome125=125.0.6422.141 in cache (valid until 17:02:58 17/06/2024 IST)
[INFO] Using chromedriver 125.0.6422.141 (resolved driver for Chrome 125)
[DEBUG] Driver chromedriver 125.0.6422.141 found in cache
[INFO] Exporting webdriver.chrome.driver as C:\Users\tusha\.cache\selenium\chromedriver\win64\125.0.6422.141\chromedriver.exe
[DEBUG] Using SLF4J as the default logging framework
[DEBUG] -Dio.netty.leakDetection.level: simple
[DEBUG] -Dio.netty.leakDetection.targetRecords: 4
[DEBUG] Loaded default ResourceLeakDetector: io.netty.util.ResourceLeakDetector@3d43fe
[DEBUG] -Dio.netty.noUnsafe: false
[DEBUG] Java version: 17
[DEBUG] sun.misc.Unsafe.theUnsafe: available
[DEBUG] sun.misc.Unsafe.copyMemory: available
[DEBUG] sun.misc.Unsafe.storeFence: available
[DEBUG] java.nio.Buffer.address: available
[DEBUG] direct buffer constructor: unavailable: Reflective setAccessible(true) disabled
[DEBUG] java.nio.Bits.unaligned: available, true
[DEBUG] jdk.internal.misc.Unsafe.allocateUninitializedArray(int): unavailable: class io.netty.util.internal.PlatformDependent0$7 cannot access class jdk.internal.misc.Unsafe (in module java.base) because module java.base does not export jdk.internal.misc to unnamed module @3fee9989
[DEBUG] java.nio.DirectByteBuffer.<init>(long, int): unavailable
[DEBUG] sun.misc.Unsafe: available
[DEBUG] maxDirectMemory: 2090860544 bytes (maybe)
[DEBUG] -Dio.netty.tmpdir: C:\Users\tusha\AppData\Local\Temp (java.io.tmpdir)
[DEBUG] -Dio.netty.bitMode: 64 (sun.arch.data.model)
[DEBUG] Platform: Windows
[DEBUG] -Dio.netty.maxDirectMemory: -1 bytes
[DEBUG] -Dio.netty.uninitializedArrayAllocationThreshold: -1
[DEBUG] java.nio.ByteBuffer.cleaner(): available
[DEBUG] -Dio.netty.noPreferDirect: false
[DEBUG] org.jctools-core.MpscChunkedArrayQueue: available
[DEBUG] -Dio.netty.threadLocalMap.stringBuilder.initialSize: 1024
[DEBUG] -Dio.netty.threadLocalMap.stringBuilder.maxSize: 4096
[DEBUG] Default protocols (JDK): [TLSv1.3, TLSv1.2] 
[DEBUG] Default cipher suites (JDK): [TLS_ECDHE_ECDSA_WITH_AES_256_GCM_SHA384, TLS_ECDHE_ECDSA_WITH_AES_128_GCM_SHA256, TLS_ECDHE_RSA_WITH_AES_128_GCM_SHA256, TLS_ECDHE_RSA_WITH_AES_256_GCM_SHA384, TLS_ECDHE_RSA_WITH_AES_128_CBC_SHA, TLS_ECDHE_RSA_WITH_AES_256_CBC_SHA, TLS_RSA_WITH_AES_128_GCM_SHA256, TLS_RSA_WITH_AES_128_CBC_SHA, TLS_RSA_WITH_AES_256_CBC_SHA, TLS_AES_128_GCM_SHA256, TLS_AES_256_GCM_SHA384]
[DEBUG] -Dio.netty.globalEventExecutor.quietPeriodSeconds: 1
[DEBUG] -Dio.netty.eventLoopThreads: 16
[DEBUG] -Dio.netty.noKeySetOptimization: false
[DEBUG] -Dio.netty.selectorAutoRebuildThreshold: 512
[DEBUG] -Dio.netty.allocator.numHeapArenas: 16
[DEBUG] -Dio.netty.allocator.numDirectArenas: 16
[DEBUG] -Dio.netty.allocator.pageSize: 8192
[DEBUG] -Dio.netty.allocator.maxOrder: 9
[DEBUG] -Dio.netty.allocator.chunkSize: 4194304
[DEBUG] -Dio.netty.allocator.smallCacheSize: 256
[DEBUG] -Dio.netty.allocator.normalCacheSize: 64
[DEBUG] -Dio.netty.allocator.maxCachedBufferCapacity: 32768
[DEBUG] -Dio.netty.allocator.cacheTrimInterval: 8192
[DEBUG] -Dio.netty.allocator.cacheTrimIntervalMillis: 0
[DEBUG] -Dio.netty.allocator.useCacheForAllThreads: false
[DEBUG] -Dio.netty.allocator.maxCachedByteBuffersPerChunk: 1023
[DEBUG] -Dio.netty.allocator.type: pooled
[DEBUG] -Dio.netty.threadLocalDirectBufferSize: 0
[DEBUG] -Dio.netty.maxThreadLocalCharBufferSize: 16384
[DEBUG] -Dio.netty.processId: 20032 (auto-detected)
[DEBUG] -Djava.net.preferIPv4Stack: false
[DEBUG] -Djava.net.preferIPv6Addresses: false
[DEBUG] Loopback interface: lo (Software Loopback Interface 1, 127.0.0.1)
[DEBUG] Failed to get SOMAXCONN from sysctl and file \proc\sys\net\core\somaxconn. Default: 200
[DEBUG] -Dio.netty.machineId: 58:1c:f8:ff:fe:38:21:6a (auto-detected)
[DEBUG] -Dio.netty.buffer.checkAccessible: true
[DEBUG] -Dio.netty.buffer.checkBounds: true
[DEBUG] Loaded default ResourceLeakDetector: io.netty.util.ResourceLeakDetector@b0ef73a
[DEBUG] Using new Channel '[id: 0xb52c8b36, L:/127.0.0.1:50175 - R:localhost/127.0.0.1:11277]' for 'POST' to '/session'
[DEBUG] -Dio.netty.recycler.maxCapacityPerThread: 4096
[DEBUG] -Dio.netty.recycler.ratio: 8
[DEBUG] -Dio.netty.recycler.chunkSize: 32
[DEBUG] -Dio.netty.recycler.blocking: false
[DEBUG] -Dio.netty.recycler.batchFastThreadLocalOnly: true
[DEBUG] brotli4j not in the classpath; Brotli support will be unavailable.
[DEBUG] 

Request DefaultHttpRequest(decodeResult: success, version: HTTP/1.1)
POST /session HTTP/1.1
User-Agent: selenium/4.11.0 (java windows)
Content-Length: 254
Content-Type: application/json; charset=utf-8
host: localhost:11277
accept: */*

Response DefaultHttpResponse(decodeResult: success, version: HTTP/1.1)
HTTP/1.1 200 OK
Content-Length: 883
Content-Type: application/json; charset=utf-8
cache-control: no-cache

[DEBUG] Adding key: http://localhost:11277 for channel [id: 0xb52c8b36, L:/127.0.0.1:50175 - R:localhost/127.0.0.1:11277]
[DEBUG] Using new Channel '[id: 0x3ffb5bcd, L:/127.0.0.1:50182 - R:localhost/127.0.0.1:50176]' for 'GET' to '/json/version'
[DEBUG] 

Request DefaultFullHttpRequest(decodeResult: success, version: HTTP/1.1, content: EmptyByteBufBE)
GET /json/version HTTP/1.1
User-Agent: selenium/4.11.0 (java windows)
host: localhost:50176
accept: */*

Response DefaultHttpResponse(decodeResult: success, version: HTTP/1.1)
HTTP/1.1 200 OK
Content-Security-Policy: frame-ancestors 'none'
Content-Length: 424
Content-Type: application/json; charset=UTF-8

[DEBUG] Adding key: http://localhost:50176 for channel [id: 0x3ffb5bcd, L:/127.0.0.1:50182 - R:localhost/127.0.0.1:50176]
[DEBUG] -Dio.netty.initialSeedUniquifier: 0x6a71905dae856ad1
[DEBUG] Using new Channel '[id: 0x8cd3eb82, L:/127.0.0.1:50184 - R:localhost/127.0.0.1:50176]' for 'GET' to '/devtools/browser/af23976a-d99a-4021-9249-4ae26e1b9529'
[DEBUG] 

Request DefaultFullHttpRequest(decodeResult: success, version: HTTP/1.1, content: EmptyByteBufBE)
GET /devtools/browser/af23976a-d99a-4021-9249-4ae26e1b9529 HTTP/1.1
upgrade: websocket
connection: upgrade
sec-websocket-key: BUehovKPjBwjJR/0fZDvmA==
sec-websocket-version: 13
origin: http://localhost:50176
host: localhost:50176
accept: */*
user-agent: AHC/2.1

Response DefaultHttpResponse(decodeResult: success, version: HTTP/1.1)
HTTP/1.1 101 WebSocket Protocol Handshake
Upgrade: WebSocket
Connection: Upgrade
Sec-WebSocket-Accept: ngIgK4DMp9v+QWDeDM7XsDOyYXU=

[DEBUG] Using pooled Channel '[id: 0xb52c8b36, L:/127.0.0.1:50175 - R:localhost/127.0.0.1:11277]' for 'POST' to 'http://localhost:11277/session/cf8ada063fd4e9e5008568aeacdd0e75/url'
[DEBUG] Using open Channel [id: 0xb52c8b36, L:/127.0.0.1:50175 - R:localhost/127.0.0.1:11277] for POST '/session/cf8ada063fd4e9e5008568aeacdd0e75/url'
[DEBUG] Entry count for : http://localhost:50176 : 1
[DEBUG] 

Request DefaultHttpRequest(decodeResult: success, version: HTTP/1.1)
POST /session/cf8ada063fd4e9e5008568aeacdd0e75/url HTTP/1.1
User-Agent: selenium/4.11.0 (java windows)
Content-Length: 59
Content-Type: application/json; charset=utf-8
host: localhost:11277
accept: */*

Response DefaultHttpResponse(decodeResult: success, version: HTTP/1.1)
HTTP/1.1 200 OK
Content-Length: 14
Content-Type: application/json; charset=utf-8
cache-control: no-cache

[DEBUG] Adding key: http://localhost:11277 for channel [id: 0xb52c8b36, L:/127.0.0.1:50175 - R:localhost/127.0.0.1:11277]
[DEBUG] Using pooled Channel '[id: 0xb52c8b36, L:/127.0.0.1:50175 - R:localhost/127.0.0.1:11277]' for 'POST' to 'http://localhost:11277/session/cf8ada063fd4e9e5008568aeacdd0e75/window/maximize'
[DEBUG] Using open Channel [id: 0xb52c8b36, L:/127.0.0.1:50175 - R:localhost/127.0.0.1:11277] for POST '/session/cf8ada063fd4e9e5008568aeacdd0e75/window/maximize'
[DEBUG] Entry count for : http://localhost:50176 : 1
[DEBUG] 

Request DefaultHttpRequest(decodeResult: success, version: HTTP/1.1)
POST /session/cf8ada063fd4e9e5008568aeacdd0e75/window/maximize HTTP/1.1
User-Agent: selenium/4.11.0 (java windows)
Content-Length: 3
Content-Type: application/json; charset=utf-8
host: localhost:11277
accept: */*

Response DefaultHttpResponse(decodeResult: success, version: HTTP/1.1)
HTTP/1.1 200 OK
Content-Length: 51
Content-Type: application/json; charset=utf-8
cache-control: no-cache

[DEBUG] Adding key: http://localhost:11277 for channel [id: 0xb52c8b36, L:/127.0.0.1:50175 - R:localhost/127.0.0.1:11277]
[DEBUG] Entry count for : http://localhost:11277 : 1
[DEBUG] Entry count for : http://localhost:50176 : 1
[DEBUG] Entry count for : http://localhost:11277 : 1
[DEBUG] Entry count for : http://localhost:50176 : 1
[DEBUG] Using pooled Channel '[id: 0xb52c8b36, L:/127.0.0.1:50175 - R:localhost/127.0.0.1:11277]' for 'POST' to 'http://localhost:11277/session/cf8ada063fd4e9e5008568aeacdd0e75/element'
[DEBUG] Using open Channel [id: 0xb52c8b36, L:/127.0.0.1:50175 - R:localhost/127.0.0.1:11277] for POST '/session/cf8ada063fd4e9e5008568aeacdd0e75/element'
[DEBUG] 

Request DefaultHttpRequest(decodeResult: success, version: HTTP/1.1)
POST /session/cf8ada063fd4e9e5008568aeacdd0e75/element HTTP/1.1
User-Agent: selenium/4.11.0 (java windows)
Content-Length: 49
Content-Type: application/json; charset=utf-8
host: localhost:11277
accept: */*

Response DefaultHttpResponse(decodeResult: success, version: HTTP/1.1)
HTTP/1.1 200 OK
Content-Length: 126
Content-Type: application/json; charset=utf-8
cache-control: no-cache

[DEBUG] Adding key: http://localhost:11277 for channel [id: 0xb52c8b36, L:/127.0.0.1:50175 - R:localhost/127.0.0.1:11277]
[DEBUG] Using pooled Channel '[id: 0xb52c8b36, L:/127.0.0.1:50175 - R:localhost/127.0.0.1:11277]' for 'POST' to 'http://localhost:11277/session/cf8ada063fd4e9e5008568aeacdd0e75/element/f.6A1DFD615A4615987D55B537AA3574C6.d.1D30771469D3AEF0CD823A3D8B3C4C02.e.53/click'
[DEBUG] Using open Channel [id: 0xb52c8b36, L:/127.0.0.1:50175 - R:localhost/127.0.0.1:11277] for POST '/session/cf8ada063fd4e9e5008568aeacdd0e75/element/f.6A1DFD615A4615987D55B537AA3574C6.d.1D30771469D3AEF0CD823A3D8B3C4C02.e.53/click'
[DEBUG] Entry count for : http://localhost:50176 : 1
[DEBUG] Entry count for : http://localhost:50176 : 1
[DEBUG] Entry count for : http://localhost:50176 : 1
[DEBUG] Entry count for : http://localhost:50176 : 1
[DEBUG] 

Request DefaultHttpRequest(decodeResult: success, version: HTTP/1.1)
POST /session/cf8ada063fd4e9e5008568aeacdd0e75/element/f.6A1DFD615A4615987D55B537AA3574C6.d.1D30771469D3AEF0CD823A3D8B3C4C02.e.53/click HTTP/1.1
User-Agent: selenium/4.11.0 (java windows)
Content-Length: 88
Content-Type: application/json; charset=utf-8
host: localhost:11277
accept: */*

Response DefaultHttpResponse(decodeResult: success, version: HTTP/1.1)
HTTP/1.1 200 OK
Content-Length: 14
Content-Type: application/json; charset=utf-8
cache-control: no-cache

[DEBUG] Adding key: http://localhost:11277 for channel [id: 0xb52c8b36, L:/127.0.0.1:50175 - R:localhost/127.0.0.1:11277]
[DEBUG] Entry count for : http://localhost:11277 : 1
[DEBUG] Entry count for : http://localhost:50176 : 1
[DEBUG] Entry count for : http://localhost:11277 : 1
[DEBUG] Entry count for : http://localhost:50176 : 1
[DEBUG] Entry count for : http://localhost:11277 : 1
[DEBUG] Entry count for : http://localhost:50176 : 1
[DEBUG] Using pooled Channel '[id: 0xb52c8b36, L:/127.0.0.1:50175 - R:localhost/127.0.0.1:11277]' for 'POST' to 'http://localhost:11277/session/cf8ada063fd4e9e5008568aeacdd0e75/element'
[DEBUG] Using open Channel [id: 0xb52c8b36, L:/127.0.0.1:50175 - R:localhost/127.0.0.1:11277] for POST '/session/cf8ada063fd4e9e5008568aeacdd0e75/element'
[DEBUG] 

Request DefaultHttpRequest(decodeResult: success, version: HTTP/1.1)
POST /session/cf8ada063fd4e9e5008568aeacdd0e75/element HTTP/1.1
User-Agent: selenium/4.11.0 (java windows)
Content-Length: 58
Content-Type: application/json; charset=utf-8
host: localhost:11277
accept: */*

Response DefaultHttpResponse(decodeResult: success, version: HTTP/1.1)
HTTP/1.1 200 OK
Content-Length: 126
Content-Type: application/json; charset=utf-8
cache-control: no-cache

[DEBUG] Adding key: http://localhost:11277 for channel [id: 0xb52c8b36, L:/127.0.0.1:50175 - R:localhost/127.0.0.1:11277]
[DEBUG] Using pooled Channel '[id: 0xb52c8b36, L:/127.0.0.1:50175 - R:localhost/127.0.0.1:11277]' for 'POST' to 'http://localhost:11277/session/cf8ada063fd4e9e5008568aeacdd0e75/element/f.6A1DFD615A4615987D55B537AA3574C6.d.90E1CE8ED259B037AD6F1C87396D73C8.e.58/click'
[DEBUG] Using open Channel [id: 0xb52c8b36, L:/127.0.0.1:50175 - R:localhost/127.0.0.1:11277] for POST '/session/cf8ada063fd4e9e5008568aeacdd0e75/element/f.6A1DFD615A4615987D55B537AA3574C6.d.90E1CE8ED259B037AD6F1C87396D73C8.e.58/click'
[DEBUG] 

Request DefaultHttpRequest(decodeResult: success, version: HTTP/1.1)
POST /session/cf8ada063fd4e9e5008568aeacdd0e75/element/f.6A1DFD615A4615987D55B537AA3574C6.d.90E1CE8ED259B037AD6F1C87396D73C8.e.58/click HTTP/1.1
User-Agent: selenium/4.11.0 (java windows)
Content-Length: 88
Content-Type: application/json; charset=utf-8
host: localhost:11277
accept: */*

Response DefaultHttpResponse(decodeResult: success, version: HTTP/1.1)
HTTP/1.1 200 OK
Content-Length: 14
Content-Type: application/json; charset=utf-8
cache-control: no-cache

[DEBUG] Adding key: http://localhost:11277 for channel [id: 0xb52c8b36, L:/127.0.0.1:50175 - R:localhost/127.0.0.1:11277]
[DEBUG] Entry count for : http://localhost:11277 : 1
[DEBUG] Entry count for : http://localhost:50176 : 1
[DEBUG] Entry count for : http://localhost:11277 : 1
[DEBUG] Entry count for : http://localhost:50176 : 1
[DEBUG] Entry count for : http://localhost:11277 : 1
[DEBUG] Entry count for : http://localhost:50176 : 1
[DEBUG] Using pooled Channel '[id: 0xb52c8b36, L:/127.0.0.1:50175 - R:localhost/127.0.0.1:11277]' for 'POST' to 'http://localhost:11277/session/cf8ada063fd4e9e5008568aeacdd0e75/element'
[DEBUG] Using open Channel [id: 0xb52c8b36, L:/127.0.0.1:50175 - R:localhost/127.0.0.1:11277] for POST '/session/cf8ada063fd4e9e5008568aeacdd0e75/element'
[DEBUG] 

Request DefaultHttpRequest(decodeResult: success, version: HTTP/1.1)
POST /session/cf8ada063fd4e9e5008568aeacdd0e75/element HTTP/1.1
User-Agent: selenium/4.11.0 (java windows)
Content-Length: 54
Content-Type: application/json; charset=utf-8
host: localhost:11277
accept: */*

Response DefaultHttpResponse(decodeResult: success, version: HTTP/1.1)
HTTP/1.1 200 OK
Content-Length: 126
Content-Type: application/json; charset=utf-8
cache-control: no-cache

[DEBUG] Adding key: http://localhost:11277 for channel [id: 0xb52c8b36, L:/127.0.0.1:50175 - R:localhost/127.0.0.1:11277]
[DEBUG] Using pooled Channel '[id: 0xb52c8b36, L:/127.0.0.1:50175 - R:localhost/127.0.0.1:11277]' for 'POST' to 'http://localhost:11277/session/cf8ada063fd4e9e5008568aeacdd0e75/element/f.6A1DFD615A4615987D55B537AA3574C6.d.90E1CE8ED259B037AD6F1C87396D73C8.e.60/value'
[DEBUG] Using open Channel [id: 0xb52c8b36, L:/127.0.0.1:50175 - R:localhost/127.0.0.1:11277] for POST '/session/cf8ada063fd4e9e5008568aeacdd0e75/element/f.6A1DFD615A4615987D55B537AA3574C6.d.90E1CE8ED259B037AD6F1C87396D73C8.e.60/value'
[DEBUG] 

Request DefaultHttpRequest(decodeResult: success, version: HTTP/1.1)
POST /session/cf8ada063fd4e9e5008568aeacdd0e75/element/f.6A1DFD615A4615987D55B537AA3574C6.d.90E1CE8ED259B037AD6F1C87396D73C8.e.60/value HTTP/1.1
User-Agent: selenium/4.11.0 (java windows)
Content-Length: 179
Content-Type: application/json; charset=utf-8
host: localhost:11277
accept: */*

Response DefaultHttpResponse(decodeResult: success, version: HTTP/1.1)
HTTP/1.1 200 OK
Content-Length: 14
Content-Type: application/json; charset=utf-8
cache-control: no-cache

[DEBUG] Adding key: http://localhost:11277 for channel [id: 0xb52c8b36, L:/127.0.0.1:50175 - R:localhost/127.0.0.1:11277]
[DEBUG] Entry count for : http://localhost:11277 : 1
[DEBUG] Entry count for : http://localhost:50176 : 1
[DEBUG] Entry count for : http://localhost:11277 : 1
[DEBUG] Entry count for : http://localhost:50176 : 1
[DEBUG] Using pooled Channel '[id: 0xb52c8b36, L:/127.0.0.1:50175 - R:localhost/127.0.0.1:11277]' for 'POST' to 'http://localhost:11277/session/cf8ada063fd4e9e5008568aeacdd0e75/element'
[DEBUG] Using open Channel [id: 0xb52c8b36, L:/127.0.0.1:50175 - R:localhost/127.0.0.1:11277] for POST '/session/cf8ada063fd4e9e5008568aeacdd0e75/element'
[DEBUG] 

Request DefaultHttpRequest(decodeResult: success, version: HTTP/1.1)
POST /session/cf8ada063fd4e9e5008568aeacdd0e75/element HTTP/1.1
User-Agent: selenium/4.11.0 (java windows)
Content-Length: 53
Content-Type: application/json; charset=utf-8
host: localhost:11277
accept: */*

Response DefaultHttpResponse(decodeResult: success, version: HTTP/1.1)
HTTP/1.1 200 OK
Content-Length: 126
Content-Type: application/json; charset=utf-8
cache-control: no-cache

[DEBUG] Adding key: http://localhost:11277 for channel [id: 0xb52c8b36, L:/127.0.0.1:50175 - R:localhost/127.0.0.1:11277]
[DEBUG] Using pooled Channel '[id: 0xb52c8b36, L:/127.0.0.1:50175 - R:localhost/127.0.0.1:11277]' for 'POST' to 'http://localhost:11277/session/cf8ada063fd4e9e5008568aeacdd0e75/element/f.6A1DFD615A4615987D55B537AA3574C6.d.90E1CE8ED259B037AD6F1C87396D73C8.e.61/value'
[DEBUG] Using open Channel [id: 0xb52c8b36, L:/127.0.0.1:50175 - R:localhost/127.0.0.1:11277] for POST '/session/cf8ada063fd4e9e5008568aeacdd0e75/element/f.6A1DFD615A4615987D55B537AA3574C6.d.90E1CE8ED259B037AD6F1C87396D73C8.e.61/value'
[DEBUG] 

Request DefaultHttpRequest(decodeResult: success, version: HTTP/1.1)
POST /session/cf8ada063fd4e9e5008568aeacdd0e75/element/f.6A1DFD615A4615987D55B537AA3574C6.d.90E1CE8ED259B037AD6F1C87396D73C8.e.61/value HTTP/1.1
User-Agent: selenium/4.11.0 (java windows)
Content-Length: 169
Content-Type: application/json; charset=utf-8
host: localhost:11277
accept: */*

Response DefaultHttpResponse(decodeResult: success, version: HTTP/1.1)
HTTP/1.1 200 OK
Content-Length: 14
Content-Type: application/json; charset=utf-8
cache-control: no-cache

[DEBUG] Adding key: http://localhost:11277 for channel [id: 0xb52c8b36, L:/127.0.0.1:50175 - R:localhost/127.0.0.1:11277]
[DEBUG] Entry count for : http://localhost:11277 : 1
[DEBUG] Entry count for : http://localhost:50176 : 1
[DEBUG] Entry count for : http://localhost:11277 : 1
[DEBUG] Entry count for : http://localhost:50176 : 1
[DEBUG] Entry count for : http://localhost:11277 : 1
[DEBUG] Entry count for : http://localhost:50176 : 1
[DEBUG] Using pooled Channel '[id: 0xb52c8b36, L:/127.0.0.1:50175 - R:localhost/127.0.0.1:11277]' for 'POST' to 'http://localhost:11277/session/cf8ada063fd4e9e5008568aeacdd0e75/element'
[DEBUG] Using open Channel [id: 0xb52c8b36, L:/127.0.0.1:50175 - R:localhost/127.0.0.1:11277] for POST '/session/cf8ada063fd4e9e5008568aeacdd0e75/element'
[DEBUG] 

Request DefaultHttpRequest(decodeResult: success, version: HTTP/1.1)
POST /session/cf8ada063fd4e9e5008568aeacdd0e75/element HTTP/1.1
User-Agent: selenium/4.11.0 (java windows)
Content-Length: 68
Content-Type: application/json; charset=utf-8
host: localhost:11277
accept: */*

Response DefaultHttpResponse(decodeResult: success, version: HTTP/1.1)
HTTP/1.1 200 OK
Content-Length: 126
Content-Type: application/json; charset=utf-8
cache-control: no-cache

[DEBUG] Adding key: http://localhost:11277 for channel [id: 0xb52c8b36, L:/127.0.0.1:50175 - R:localhost/127.0.0.1:11277]
[DEBUG] Using pooled Channel '[id: 0xb52c8b36, L:/127.0.0.1:50175 - R:localhost/127.0.0.1:11277]' for 'GET' to 'http://localhost:11277/session/cf8ada063fd4e9e5008568aeacdd0e75/element/f.6A1DFD615A4615987D55B537AA3574C6.d.90E1CE8ED259B037AD6F1C87396D73C8.e.68/name'
[DEBUG] Using open Channel [id: 0xb52c8b36, L:/127.0.0.1:50175 - R:localhost/127.0.0.1:11277] for GET '/session/cf8ada063fd4e9e5008568aeacdd0e75/element/f.6A1DFD615A4615987D55B537AA3574C6.d.90E1CE8ED259B037AD6F1C87396D73C8.e.68/name'
[DEBUG] 

Request DefaultFullHttpRequest(decodeResult: success, version: HTTP/1.1, content: EmptyByteBufBE)
GET /session/cf8ada063fd4e9e5008568aeacdd0e75/element/f.6A1DFD615A4615987D55B537AA3574C6.d.90E1CE8ED259B037AD6F1C87396D73C8.e.68/name HTTP/1.1
User-Agent: selenium/4.11.0 (java windows)
Cache-Control: no-cache
Content-Type: application/json; charset=utf-8
host: localhost:11277
accept: */*

Response DefaultHttpResponse(decodeResult: success, version: HTTP/1.1)
HTTP/1.1 200 OK
Content-Length: 18
Content-Type: application/json; charset=utf-8
cache-control: no-cache

[DEBUG] Adding key: http://localhost:11277 for channel [id: 0xb52c8b36, L:/127.0.0.1:50175 - R:localhost/127.0.0.1:11277]
[DEBUG] Using pooled Channel '[id: 0xb52c8b36, L:/127.0.0.1:50175 - R:localhost/127.0.0.1:11277]' for 'POST' to 'http://localhost:11277/session/cf8ada063fd4e9e5008568aeacdd0e75/element'
[DEBUG] Using open Channel [id: 0xb52c8b36, L:/127.0.0.1:50175 - R:localhost/127.0.0.1:11277] for POST '/session/cf8ada063fd4e9e5008568aeacdd0e75/element'
[DEBUG] 

Request DefaultHttpRequest(decodeResult: success, version: HTTP/1.1)
POST /session/cf8ada063fd4e9e5008568aeacdd0e75/element HTTP/1.1
User-Agent: selenium/4.11.0 (java windows)
Content-Length: 68
Content-Type: application/json; charset=utf-8
host: localhost:11277
accept: */*

Response DefaultHttpResponse(decodeResult: success, version: HTTP/1.1)
HTTP/1.1 200 OK
Content-Length: 126
Content-Type: application/json; charset=utf-8
cache-control: no-cache

[DEBUG] Adding key: http://localhost:11277 for channel [id: 0xb52c8b36, L:/127.0.0.1:50175 - R:localhost/127.0.0.1:11277]
[DEBUG] Using pooled Channel '[id: 0xb52c8b36, L:/127.0.0.1:50175 - R:localhost/127.0.0.1:11277]' for 'GET' to 'http://localhost:11277/session/cf8ada063fd4e9e5008568aeacdd0e75/element/f.6A1DFD615A4615987D55B537AA3574C6.d.90E1CE8ED259B037AD6F1C87396D73C8.e.68/attribute/multiple'
[DEBUG] Using open Channel [id: 0xb52c8b36, L:/127.0.0.1:50175 - R:localhost/127.0.0.1:11277] for GET '/session/cf8ada063fd4e9e5008568aeacdd0e75/element/f.6A1DFD615A4615987D55B537AA3574C6.d.90E1CE8ED259B037AD6F1C87396D73C8.e.68/attribute/multiple'
[DEBUG] 

Request DefaultFullHttpRequest(decodeResult: success, version: HTTP/1.1, content: EmptyByteBufBE)
GET /session/cf8ada063fd4e9e5008568aeacdd0e75/element/f.6A1DFD615A4615987D55B537AA3574C6.d.90E1CE8ED259B037AD6F1C87396D73C8.e.68/attribute/multiple HTTP/1.1
User-Agent: selenium/4.11.0 (java windows)
Cache-Control: no-cache
Content-Type: application/json; charset=utf-8
host: localhost:11277
accept: */*

Response DefaultHttpResponse(decodeResult: success, version: HTTP/1.1)
HTTP/1.1 200 OK
Content-Length: 14
Content-Type: application/json; charset=utf-8
cache-control: no-cache

[DEBUG] Adding key: http://localhost:11277 for channel [id: 0xb52c8b36, L:/127.0.0.1:50175 - R:localhost/127.0.0.1:11277]
[DEBUG] Using pooled Channel '[id: 0xb52c8b36, L:/127.0.0.1:50175 - R:localhost/127.0.0.1:11277]' for 'POST' to 'http://localhost:11277/session/cf8ada063fd4e9e5008568aeacdd0e75/element'
[DEBUG] Using open Channel [id: 0xb52c8b36, L:/127.0.0.1:50175 - R:localhost/127.0.0.1:11277] for POST '/session/cf8ada063fd4e9e5008568aeacdd0e75/element'
[DEBUG] 

Request DefaultHttpRequest(decodeResult: success, version: HTTP/1.1)
POST /session/cf8ada063fd4e9e5008568aeacdd0e75/element HTTP/1.1
User-Agent: selenium/4.11.0 (java windows)
Content-Length: 68
Content-Type: application/json; charset=utf-8
host: localhost:11277
accept: */*

Response DefaultHttpResponse(decodeResult: success, version: HTTP/1.1)
HTTP/1.1 200 OK
Content-Length: 126
Content-Type: application/json; charset=utf-8
cache-control: no-cache

[DEBUG] Adding key: http://localhost:11277 for channel [id: 0xb52c8b36, L:/127.0.0.1:50175 - R:localhost/127.0.0.1:11277]
[DEBUG] Using pooled Channel '[id: 0xb52c8b36, L:/127.0.0.1:50175 - R:localhost/127.0.0.1:11277]' for 'GET' to 'http://localhost:11277/session/cf8ada063fd4e9e5008568aeacdd0e75/element/f.6A1DFD615A4615987D55B537AA3574C6.d.90E1CE8ED259B037AD6F1C87396D73C8.e.68/enabled'
[DEBUG] Using open Channel [id: 0xb52c8b36, L:/127.0.0.1:50175 - R:localhost/127.0.0.1:11277] for GET '/session/cf8ada063fd4e9e5008568aeacdd0e75/element/f.6A1DFD615A4615987D55B537AA3574C6.d.90E1CE8ED259B037AD6F1C87396D73C8.e.68/enabled'
[DEBUG] 

Request DefaultFullHttpRequest(decodeResult: success, version: HTTP/1.1, content: EmptyByteBufBE)
GET /session/cf8ada063fd4e9e5008568aeacdd0e75/element/f.6A1DFD615A4615987D55B537AA3574C6.d.90E1CE8ED259B037AD6F1C87396D73C8.e.68/enabled HTTP/1.1
User-Agent: selenium/4.11.0 (java windows)
Cache-Control: no-cache
Content-Type: application/json; charset=utf-8
host: localhost:11277
accept: */*

Response DefaultHttpResponse(decodeResult: success, version: HTTP/1.1)
HTTP/1.1 200 OK
Content-Length: 14
Content-Type: application/json; charset=utf-8
cache-control: no-cache

[DEBUG] Adding key: http://localhost:11277 for channel [id: 0xb52c8b36, L:/127.0.0.1:50175 - R:localhost/127.0.0.1:11277]
[DEBUG] Using pooled Channel '[id: 0xb52c8b36, L:/127.0.0.1:50175 - R:localhost/127.0.0.1:11277]' for 'POST' to 'http://localhost:11277/session/cf8ada063fd4e9e5008568aeacdd0e75/element'
[DEBUG] Using open Channel [id: 0xb52c8b36, L:/127.0.0.1:50175 - R:localhost/127.0.0.1:11277] for POST '/session/cf8ada063fd4e9e5008568aeacdd0e75/element'
[DEBUG] 

Request DefaultHttpRequest(decodeResult: success, version: HTTP/1.1)
POST /session/cf8ada063fd4e9e5008568aeacdd0e75/element HTTP/1.1
User-Agent: selenium/4.11.0 (java windows)
Content-Length: 68
Content-Type: application/json; charset=utf-8
host: localhost:11277
accept: */*

Response DefaultHttpResponse(decodeResult: success, version: HTTP/1.1)
HTTP/1.1 200 OK
Content-Length: 126
Content-Type: application/json; charset=utf-8
cache-control: no-cache

[DEBUG] Adding key: http://localhost:11277 for channel [id: 0xb52c8b36, L:/127.0.0.1:50175 - R:localhost/127.0.0.1:11277]
[DEBUG] Using pooled Channel '[id: 0xb52c8b36, L:/127.0.0.1:50175 - R:localhost/127.0.0.1:11277]' for 'POST' to 'http://localhost:11277/session/cf8ada063fd4e9e5008568aeacdd0e75/element/f.6A1DFD615A4615987D55B537AA3574C6.d.90E1CE8ED259B037AD6F1C87396D73C8.e.68/elements'
[DEBUG] Using open Channel [id: 0xb52c8b36, L:/127.0.0.1:50175 - R:localhost/127.0.0.1:11277] for POST '/session/cf8ada063fd4e9e5008568aeacdd0e75/element/f.6A1DFD615A4615987D55B537AA3574C6.d.90E1CE8ED259B037AD6F1C87396D73C8.e.68/elements'
[DEBUG] 

Request DefaultHttpRequest(decodeResult: success, version: HTTP/1.1)
POST /session/cf8ada063fd4e9e5008568aeacdd0e75/element/f.6A1DFD615A4615987D55B537AA3574C6.d.90E1CE8ED259B037AD6F1C87396D73C8.e.68/elements HTTP/1.1
User-Agent: selenium/4.11.0 (java windows)
Content-Length: 159
Content-Type: application/json; charset=utf-8
host: localhost:11277
accept: */*

Response DefaultHttpResponse(decodeResult: success, version: HTTP/1.1)
HTTP/1.1 200 OK
Content-Length: 128
Content-Type: application/json; charset=utf-8
cache-control: no-cache

[DEBUG] Adding key: http://localhost:11277 for channel [id: 0xb52c8b36, L:/127.0.0.1:50175 - R:localhost/127.0.0.1:11277]
[DEBUG] Using pooled Channel '[id: 0xb52c8b36, L:/127.0.0.1:50175 - R:localhost/127.0.0.1:11277]' for 'GET' to 'http://localhost:11277/session/cf8ada063fd4e9e5008568aeacdd0e75/element/f.6A1DFD615A4615987D55B537AA3574C6.d.90E1CE8ED259B037AD6F1C87396D73C8.e.86/enabled'
[DEBUG] Using open Channel [id: 0xb52c8b36, L:/127.0.0.1:50175 - R:localhost/127.0.0.1:11277] for GET '/session/cf8ada063fd4e9e5008568aeacdd0e75/element/f.6A1DFD615A4615987D55B537AA3574C6.d.90E1CE8ED259B037AD6F1C87396D73C8.e.86/enabled'
[DEBUG] 

Request DefaultFullHttpRequest(decodeResult: success, version: HTTP/1.1, content: EmptyByteBufBE)
GET /session/cf8ada063fd4e9e5008568aeacdd0e75/element/f.6A1DFD615A4615987D55B537AA3574C6.d.90E1CE8ED259B037AD6F1C87396D73C8.e.86/enabled HTTP/1.1
User-Agent: selenium/4.11.0 (java windows)
Cache-Control: no-cache
Content-Type: application/json; charset=utf-8
host: localhost:11277
accept: */*

Response DefaultHttpResponse(decodeResult: success, version: HTTP/1.1)
HTTP/1.1 200 OK
Content-Length: 14
Content-Type: application/json; charset=utf-8
cache-control: no-cache

[DEBUG] Adding key: http://localhost:11277 for channel [id: 0xb52c8b36, L:/127.0.0.1:50175 - R:localhost/127.0.0.1:11277]
[DEBUG] Using pooled Channel '[id: 0xb52c8b36, L:/127.0.0.1:50175 - R:localhost/127.0.0.1:11277]' for 'GET' to 'http://localhost:11277/session/cf8ada063fd4e9e5008568aeacdd0e75/element/f.6A1DFD615A4615987D55B537AA3574C6.d.90E1CE8ED259B037AD6F1C87396D73C8.e.86/selected'
[DEBUG] Using open Channel [id: 0xb52c8b36, L:/127.0.0.1:50175 - R:localhost/127.0.0.1:11277] for GET '/session/cf8ada063fd4e9e5008568aeacdd0e75/element/f.6A1DFD615A4615987D55B537AA3574C6.d.90E1CE8ED259B037AD6F1C87396D73C8.e.86/selected'
[DEBUG] 

Request DefaultFullHttpRequest(decodeResult: success, version: HTTP/1.1, content: EmptyByteBufBE)
GET /session/cf8ada063fd4e9e5008568aeacdd0e75/element/f.6A1DFD615A4615987D55B537AA3574C6.d.90E1CE8ED259B037AD6F1C87396D73C8.e.86/selected HTTP/1.1
User-Agent: selenium/4.11.0 (java windows)
Cache-Control: no-cache
Content-Type: application/json; charset=utf-8
host: localhost:11277
accept: */*

Response DefaultHttpResponse(decodeResult: success, version: HTTP/1.1)
HTTP/1.1 200 OK
Content-Length: 15
Content-Type: application/json; charset=utf-8
cache-control: no-cache

[DEBUG] Adding key: http://localhost:11277 for channel [id: 0xb52c8b36, L:/127.0.0.1:50175 - R:localhost/127.0.0.1:11277]
[DEBUG] Using pooled Channel '[id: 0xb52c8b36, L:/127.0.0.1:50175 - R:localhost/127.0.0.1:11277]' for 'POST' to 'http://localhost:11277/session/cf8ada063fd4e9e5008568aeacdd0e75/element/f.6A1DFD615A4615987D55B537AA3574C6.d.90E1CE8ED259B037AD6F1C87396D73C8.e.86/click'
[DEBUG] Using open Channel [id: 0xb52c8b36, L:/127.0.0.1:50175 - R:localhost/127.0.0.1:11277] for POST '/session/cf8ada063fd4e9e5008568aeacdd0e75/element/f.6A1DFD615A4615987D55B537AA3574C6.d.90E1CE8ED259B037AD6F1C87396D73C8.e.86/click'
[DEBUG] 

Request DefaultHttpRequest(decodeResult: success, version: HTTP/1.1)
POST /session/cf8ada063fd4e9e5008568aeacdd0e75/element/f.6A1DFD615A4615987D55B537AA3574C6.d.90E1CE8ED259B037AD6F1C87396D73C8.e.86/click HTTP/1.1
User-Agent: selenium/4.11.0 (java windows)
Content-Length: 88
Content-Type: application/json; charset=utf-8
host: localhost:11277
accept: */*

Response DefaultHttpResponse(decodeResult: success, version: HTTP/1.1)
HTTP/1.1 200 OK
Content-Length: 14
Content-Type: application/json; charset=utf-8
cache-control: no-cache

[DEBUG] Adding key: http://localhost:11277 for channel [id: 0xb52c8b36, L:/127.0.0.1:50175 - R:localhost/127.0.0.1:11277]
[DEBUG] Using pooled Channel '[id: 0xb52c8b36, L:/127.0.0.1:50175 - R:localhost/127.0.0.1:11277]' for 'POST' to 'http://localhost:11277/session/cf8ada063fd4e9e5008568aeacdd0e75/element'
[DEBUG] Using open Channel [id: 0xb52c8b36, L:/127.0.0.1:50175 - R:localhost/127.0.0.1:11277] for POST '/session/cf8ada063fd4e9e5008568aeacdd0e75/element'
[DEBUG] 

Request DefaultHttpRequest(decodeResult: success, version: HTTP/1.1)
POST /session/cf8ada063fd4e9e5008568aeacdd0e75/element HTTP/1.1
User-Agent: selenium/4.11.0 (java windows)
Content-Length: 70
Content-Type: application/json; charset=utf-8
host: localhost:11277
accept: */*

Response DefaultHttpResponse(decodeResult: success, version: HTTP/1.1)
HTTP/1.1 200 OK
Content-Length: 126
Content-Type: application/json; charset=utf-8
cache-control: no-cache

[DEBUG] Adding key: http://localhost:11277 for channel [id: 0xb52c8b36, L:/127.0.0.1:50175 - R:localhost/127.0.0.1:11277]
[DEBUG] Using pooled Channel '[id: 0xb52c8b36, L:/127.0.0.1:50175 - R:localhost/127.0.0.1:11277]' for 'GET' to 'http://localhost:11277/session/cf8ada063fd4e9e5008568aeacdd0e75/element/f.6A1DFD615A4615987D55B537AA3574C6.d.90E1CE8ED259B037AD6F1C87396D73C8.e.69/name'
[DEBUG] Using open Channel [id: 0xb52c8b36, L:/127.0.0.1:50175 - R:localhost/127.0.0.1:11277] for GET '/session/cf8ada063fd4e9e5008568aeacdd0e75/element/f.6A1DFD615A4615987D55B537AA3574C6.d.90E1CE8ED259B037AD6F1C87396D73C8.e.69/name'
[DEBUG] 

Request DefaultFullHttpRequest(decodeResult: success, version: HTTP/1.1, content: EmptyByteBufBE)
GET /session/cf8ada063fd4e9e5008568aeacdd0e75/element/f.6A1DFD615A4615987D55B537AA3574C6.d.90E1CE8ED259B037AD6F1C87396D73C8.e.69/name HTTP/1.1
User-Agent: selenium/4.11.0 (java windows)
Cache-Control: no-cache
Content-Type: application/json; charset=utf-8
host: localhost:11277
accept: */*

Response DefaultHttpResponse(decodeResult: success, version: HTTP/1.1)
HTTP/1.1 200 OK
Content-Length: 18
Content-Type: application/json; charset=utf-8
cache-control: no-cache

[DEBUG] Adding key: http://localhost:11277 for channel [id: 0xb52c8b36, L:/127.0.0.1:50175 - R:localhost/127.0.0.1:11277]
[DEBUG] Using pooled Channel '[id: 0xb52c8b36, L:/127.0.0.1:50175 - R:localhost/127.0.0.1:11277]' for 'POST' to 'http://localhost:11277/session/cf8ada063fd4e9e5008568aeacdd0e75/element'
[DEBUG] Using open Channel [id: 0xb52c8b36, L:/127.0.0.1:50175 - R:localhost/127.0.0.1:11277] for POST '/session/cf8ada063fd4e9e5008568aeacdd0e75/element'
[DEBUG] 

Request DefaultHttpRequest(decodeResult: success, version: HTTP/1.1)
POST /session/cf8ada063fd4e9e5008568aeacdd0e75/element HTTP/1.1
User-Agent: selenium/4.11.0 (java windows)
Content-Length: 70
Content-Type: application/json; charset=utf-8
host: localhost:11277
accept: */*

Response DefaultHttpResponse(decodeResult: success, version: HTTP/1.1)
HTTP/1.1 200 OK
Content-Length: 126
Content-Type: application/json; charset=utf-8
cache-control: no-cache

[DEBUG] Adding key: http://localhost:11277 for channel [id: 0xb52c8b36, L:/127.0.0.1:50175 - R:localhost/127.0.0.1:11277]
[DEBUG] Using pooled Channel '[id: 0xb52c8b36, L:/127.0.0.1:50175 - R:localhost/127.0.0.1:11277]' for 'GET' to 'http://localhost:11277/session/cf8ada063fd4e9e5008568aeacdd0e75/element/f.6A1DFD615A4615987D55B537AA3574C6.d.90E1CE8ED259B037AD6F1C87396D73C8.e.69/attribute/multiple'
[DEBUG] Using open Channel [id: 0xb52c8b36, L:/127.0.0.1:50175 - R:localhost/127.0.0.1:11277] for GET '/session/cf8ada063fd4e9e5008568aeacdd0e75/element/f.6A1DFD615A4615987D55B537AA3574C6.d.90E1CE8ED259B037AD6F1C87396D73C8.e.69/attribute/multiple'
[DEBUG] 

Request DefaultFullHttpRequest(decodeResult: success, version: HTTP/1.1, content: EmptyByteBufBE)
GET /session/cf8ada063fd4e9e5008568aeacdd0e75/element/f.6A1DFD615A4615987D55B537AA3574C6.d.90E1CE8ED259B037AD6F1C87396D73C8.e.69/attribute/multiple HTTP/1.1
User-Agent: selenium/4.11.0 (java windows)
Cache-Control: no-cache
Content-Type: application/json; charset=utf-8
host: localhost:11277
accept: */*

Response DefaultHttpResponse(decodeResult: success, version: HTTP/1.1)
HTTP/1.1 200 OK
Content-Length: 14
Content-Type: application/json; charset=utf-8
cache-control: no-cache

[DEBUG] Adding key: http://localhost:11277 for channel [id: 0xb52c8b36, L:/127.0.0.1:50175 - R:localhost/127.0.0.1:11277]
[DEBUG] Using pooled Channel '[id: 0xb52c8b36, L:/127.0.0.1:50175 - R:localhost/127.0.0.1:11277]' for 'POST' to 'http://localhost:11277/session/cf8ada063fd4e9e5008568aeacdd0e75/element'
[DEBUG] Using open Channel [id: 0xb52c8b36, L:/127.0.0.1:50175 - R:localhost/127.0.0.1:11277] for POST '/session/cf8ada063fd4e9e5008568aeacdd0e75/element'
[DEBUG] 

Request DefaultHttpRequest(decodeResult: success, version: HTTP/1.1)
POST /session/cf8ada063fd4e9e5008568aeacdd0e75/element HTTP/1.1
User-Agent: selenium/4.11.0 (java windows)
Content-Length: 70
Content-Type: application/json; charset=utf-8
host: localhost:11277
accept: */*

Response DefaultHttpResponse(decodeResult: success, version: HTTP/1.1)
HTTP/1.1 200 OK
Content-Length: 126
Content-Type: application/json; charset=utf-8
cache-control: no-cache

[DEBUG] Adding key: http://localhost:11277 for channel [id: 0xb52c8b36, L:/127.0.0.1:50175 - R:localhost/127.0.0.1:11277]
[DEBUG] Using pooled Channel '[id: 0xb52c8b36, L:/127.0.0.1:50175 - R:localhost/127.0.0.1:11277]' for 'GET' to 'http://localhost:11277/session/cf8ada063fd4e9e5008568aeacdd0e75/element/f.6A1DFD615A4615987D55B537AA3574C6.d.90E1CE8ED259B037AD6F1C87396D73C8.e.69/enabled'
[DEBUG] Using open Channel [id: 0xb52c8b36, L:/127.0.0.1:50175 - R:localhost/127.0.0.1:11277] for GET '/session/cf8ada063fd4e9e5008568aeacdd0e75/element/f.6A1DFD615A4615987D55B537AA3574C6.d.90E1CE8ED259B037AD6F1C87396D73C8.e.69/enabled'
[DEBUG] 

Request DefaultFullHttpRequest(decodeResult: success, version: HTTP/1.1, content: EmptyByteBufBE)
GET /session/cf8ada063fd4e9e5008568aeacdd0e75/element/f.6A1DFD615A4615987D55B537AA3574C6.d.90E1CE8ED259B037AD6F1C87396D73C8.e.69/enabled HTTP/1.1
User-Agent: selenium/4.11.0 (java windows)
Cache-Control: no-cache
Content-Type: application/json; charset=utf-8
host: localhost:11277
accept: */*

Response DefaultHttpResponse(decodeResult: success, version: HTTP/1.1)
HTTP/1.1 200 OK
Content-Length: 14
Content-Type: application/json; charset=utf-8
cache-control: no-cache

[DEBUG] Adding key: http://localhost:11277 for channel [id: 0xb52c8b36, L:/127.0.0.1:50175 - R:localhost/127.0.0.1:11277]
[DEBUG] Using pooled Channel '[id: 0xb52c8b36, L:/127.0.0.1:50175 - R:localhost/127.0.0.1:11277]' for 'POST' to 'http://localhost:11277/session/cf8ada063fd4e9e5008568aeacdd0e75/element'
[DEBUG] Using open Channel [id: 0xb52c8b36, L:/127.0.0.1:50175 - R:localhost/127.0.0.1:11277] for POST '/session/cf8ada063fd4e9e5008568aeacdd0e75/element'
[DEBUG] 

Request DefaultHttpRequest(decodeResult: success, version: HTTP/1.1)
POST /session/cf8ada063fd4e9e5008568aeacdd0e75/element HTTP/1.1
User-Agent: selenium/4.11.0 (java windows)
Content-Length: 70
Content-Type: application/json; charset=utf-8
host: localhost:11277
accept: */*

Response DefaultHttpResponse(decodeResult: success, version: HTTP/1.1)
HTTP/1.1 200 OK
Content-Length: 126
Content-Type: application/json; charset=utf-8
cache-control: no-cache

[DEBUG] Adding key: http://localhost:11277 for channel [id: 0xb52c8b36, L:/127.0.0.1:50175 - R:localhost/127.0.0.1:11277]
[DEBUG] Using pooled Channel '[id: 0xb52c8b36, L:/127.0.0.1:50175 - R:localhost/127.0.0.1:11277]' for 'POST' to 'http://localhost:11277/session/cf8ada063fd4e9e5008568aeacdd0e75/element/f.6A1DFD615A4615987D55B537AA3574C6.d.90E1CE8ED259B037AD6F1C87396D73C8.e.69/elements'
[DEBUG] Using open Channel [id: 0xb52c8b36, L:/127.0.0.1:50175 - R:localhost/127.0.0.1:11277] for POST '/session/cf8ada063fd4e9e5008568aeacdd0e75/element/f.6A1DFD615A4615987D55B537AA3574C6.d.90E1CE8ED259B037AD6F1C87396D73C8.e.69/elements'
[DEBUG] 

Request DefaultHttpRequest(decodeResult: success, version: HTTP/1.1)
POST /session/cf8ada063fd4e9e5008568aeacdd0e75/element/f.6A1DFD615A4615987D55B537AA3574C6.d.90E1CE8ED259B037AD6F1C87396D73C8.e.69/elements HTTP/1.1
User-Agent: selenium/4.11.0 (java windows)
Content-Length: 158
Content-Type: application/json; charset=utf-8
host: localhost:11277
accept: */*

Response DefaultHttpResponse(decodeResult: success, version: HTTP/1.1)
HTTP/1.1 200 OK
Content-Length: 128
Content-Type: application/json; charset=utf-8
cache-control: no-cache

[DEBUG] Adding key: http://localhost:11277 for channel [id: 0xb52c8b36, L:/127.0.0.1:50175 - R:localhost/127.0.0.1:11277]
[DEBUG] Using pooled Channel '[id: 0xb52c8b36, L:/127.0.0.1:50175 - R:localhost/127.0.0.1:11277]' for 'GET' to 'http://localhost:11277/session/cf8ada063fd4e9e5008568aeacdd0e75/element/f.6A1DFD615A4615987D55B537AA3574C6.d.90E1CE8ED259B037AD6F1C87396D73C8.e.89/enabled'
[DEBUG] Using open Channel [id: 0xb52c8b36, L:/127.0.0.1:50175 - R:localhost/127.0.0.1:11277] for GET '/session/cf8ada063fd4e9e5008568aeacdd0e75/element/f.6A1DFD615A4615987D55B537AA3574C6.d.90E1CE8ED259B037AD6F1C87396D73C8.e.89/enabled'
[DEBUG] 

Request DefaultFullHttpRequest(decodeResult: success, version: HTTP/1.1, content: EmptyByteBufBE)
GET /session/cf8ada063fd4e9e5008568aeacdd0e75/element/f.6A1DFD615A4615987D55B537AA3574C6.d.90E1CE8ED259B037AD6F1C87396D73C8.e.89/enabled HTTP/1.1
User-Agent: selenium/4.11.0 (java windows)
Cache-Control: no-cache
Content-Type: application/json; charset=utf-8
host: localhost:11277
accept: */*

Response DefaultHttpResponse(decodeResult: success, version: HTTP/1.1)
HTTP/1.1 200 OK
Content-Length: 14
Content-Type: application/json; charset=utf-8
cache-control: no-cache

[DEBUG] Adding key: http://localhost:11277 for channel [id: 0xb52c8b36, L:/127.0.0.1:50175 - R:localhost/127.0.0.1:11277]
[DEBUG] Using pooled Channel '[id: 0xb52c8b36, L:/127.0.0.1:50175 - R:localhost/127.0.0.1:11277]' for 'GET' to 'http://localhost:11277/session/cf8ada063fd4e9e5008568aeacdd0e75/element/f.6A1DFD615A4615987D55B537AA3574C6.d.90E1CE8ED259B037AD6F1C87396D73C8.e.89/selected'
[DEBUG] Using open Channel [id: 0xb52c8b36, L:/127.0.0.1:50175 - R:localhost/127.0.0.1:11277] for GET '/session/cf8ada063fd4e9e5008568aeacdd0e75/element/f.6A1DFD615A4615987D55B537AA3574C6.d.90E1CE8ED259B037AD6F1C87396D73C8.e.89/selected'
[DEBUG] 

Request DefaultFullHttpRequest(decodeResult: success, version: HTTP/1.1, content: EmptyByteBufBE)
GET /session/cf8ada063fd4e9e5008568aeacdd0e75/element/f.6A1DFD615A4615987D55B537AA3574C6.d.90E1CE8ED259B037AD6F1C87396D73C8.e.89/selected HTTP/1.1
User-Agent: selenium/4.11.0 (java windows)
Cache-Control: no-cache
Content-Type: application/json; charset=utf-8
host: localhost:11277
accept: */*

Response DefaultHttpResponse(decodeResult: success, version: HTTP/1.1)
HTTP/1.1 200 OK
Content-Length: 15
Content-Type: application/json; charset=utf-8
cache-control: no-cache

[DEBUG] Adding key: http://localhost:11277 for channel [id: 0xb52c8b36, L:/127.0.0.1:50175 - R:localhost/127.0.0.1:11277]
[DEBUG] Using pooled Channel '[id: 0xb52c8b36, L:/127.0.0.1:50175 - R:localhost/127.0.0.1:11277]' for 'POST' to 'http://localhost:11277/session/cf8ada063fd4e9e5008568aeacdd0e75/element/f.6A1DFD615A4615987D55B537AA3574C6.d.90E1CE8ED259B037AD6F1C87396D73C8.e.89/click'
[DEBUG] Using open Channel [id: 0xb52c8b36, L:/127.0.0.1:50175 - R:localhost/127.0.0.1:11277] for POST '/session/cf8ada063fd4e9e5008568aeacdd0e75/element/f.6A1DFD615A4615987D55B537AA3574C6.d.90E1CE8ED259B037AD6F1C87396D73C8.e.89/click'
[DEBUG] 

Request DefaultHttpRequest(decodeResult: success, version: HTTP/1.1)
POST /session/cf8ada063fd4e9e5008568aeacdd0e75/element/f.6A1DFD615A4615987D55B537AA3574C6.d.90E1CE8ED259B037AD6F1C87396D73C8.e.89/click HTTP/1.1
User-Agent: selenium/4.11.0 (java windows)
Content-Length: 88
Content-Type: application/json; charset=utf-8
host: localhost:11277
accept: */*

Response DefaultHttpResponse(decodeResult: success, version: HTTP/1.1)
HTTP/1.1 200 OK
Content-Length: 14
Content-Type: application/json; charset=utf-8
cache-control: no-cache

[DEBUG] Adding key: http://localhost:11277 for channel [id: 0xb52c8b36, L:/127.0.0.1:50175 - R:localhost/127.0.0.1:11277]
[DEBUG] Using pooled Channel '[id: 0xb52c8b36, L:/127.0.0.1:50175 - R:localhost/127.0.0.1:11277]' for 'POST' to 'http://localhost:11277/session/cf8ada063fd4e9e5008568aeacdd0e75/element'
[DEBUG] Using open Channel [id: 0xb52c8b36, L:/127.0.0.1:50175 - R:localhost/127.0.0.1:11277] for POST '/session/cf8ada063fd4e9e5008568aeacdd0e75/element'
[DEBUG] 

Request DefaultHttpRequest(decodeResult: success, version: HTTP/1.1)
POST /session/cf8ada063fd4e9e5008568aeacdd0e75/element HTTP/1.1
User-Agent: selenium/4.11.0 (java windows)
Content-Length: 69
Content-Type: application/json; charset=utf-8
host: localhost:11277
accept: */*

Response DefaultHttpResponse(decodeResult: success, version: HTTP/1.1)
HTTP/1.1 200 OK
Content-Length: 126
Content-Type: application/json; charset=utf-8
cache-control: no-cache

[DEBUG] Adding key: http://localhost:11277 for channel [id: 0xb52c8b36, L:/127.0.0.1:50175 - R:localhost/127.0.0.1:11277]
[DEBUG] Using pooled Channel '[id: 0xb52c8b36, L:/127.0.0.1:50175 - R:localhost/127.0.0.1:11277]' for 'GET' to 'http://localhost:11277/session/cf8ada063fd4e9e5008568aeacdd0e75/element/f.6A1DFD615A4615987D55B537AA3574C6.d.90E1CE8ED259B037AD6F1C87396D73C8.e.70/name'
[DEBUG] Using open Channel [id: 0xb52c8b36, L:/127.0.0.1:50175 - R:localhost/127.0.0.1:11277] for GET '/session/cf8ada063fd4e9e5008568aeacdd0e75/element/f.6A1DFD615A4615987D55B537AA3574C6.d.90E1CE8ED259B037AD6F1C87396D73C8.e.70/name'
[DEBUG] 

Request DefaultFullHttpRequest(decodeResult: success, version: HTTP/1.1, content: EmptyByteBufBE)
GET /session/cf8ada063fd4e9e5008568aeacdd0e75/element/f.6A1DFD615A4615987D55B537AA3574C6.d.90E1CE8ED259B037AD6F1C87396D73C8.e.70/name HTTP/1.1
User-Agent: selenium/4.11.0 (java windows)
Cache-Control: no-cache
Content-Type: application/json; charset=utf-8
host: localhost:11277
accept: */*

Response DefaultHttpResponse(decodeResult: success, version: HTTP/1.1)
HTTP/1.1 200 OK
Content-Length: 18
Content-Type: application/json; charset=utf-8
cache-control: no-cache

[DEBUG] Adding key: http://localhost:11277 for channel [id: 0xb52c8b36, L:/127.0.0.1:50175 - R:localhost/127.0.0.1:11277]
[DEBUG] Using pooled Channel '[id: 0xb52c8b36, L:/127.0.0.1:50175 - R:localhost/127.0.0.1:11277]' for 'POST' to 'http://localhost:11277/session/cf8ada063fd4e9e5008568aeacdd0e75/element'
[DEBUG] Using open Channel [id: 0xb52c8b36, L:/127.0.0.1:50175 - R:localhost/127.0.0.1:11277] for POST '/session/cf8ada063fd4e9e5008568aeacdd0e75/element'
[DEBUG] 

Request DefaultHttpRequest(decodeResult: success, version: HTTP/1.1)
POST /session/cf8ada063fd4e9e5008568aeacdd0e75/element HTTP/1.1
User-Agent: selenium/4.11.0 (java windows)
Content-Length: 69
Content-Type: application/json; charset=utf-8
host: localhost:11277
accept: */*

Response DefaultHttpResponse(decodeResult: success, version: HTTP/1.1)
HTTP/1.1 200 OK
Content-Length: 126
Content-Type: application/json; charset=utf-8
cache-control: no-cache

[DEBUG] Adding key: http://localhost:11277 for channel [id: 0xb52c8b36, L:/127.0.0.1:50175 - R:localhost/127.0.0.1:11277]
[DEBUG] Using pooled Channel '[id: 0xb52c8b36, L:/127.0.0.1:50175 - R:localhost/127.0.0.1:11277]' for 'GET' to 'http://localhost:11277/session/cf8ada063fd4e9e5008568aeacdd0e75/element/f.6A1DFD615A4615987D55B537AA3574C6.d.90E1CE8ED259B037AD6F1C87396D73C8.e.70/attribute/multiple'
[DEBUG] Using open Channel [id: 0xb52c8b36, L:/127.0.0.1:50175 - R:localhost/127.0.0.1:11277] for GET '/session/cf8ada063fd4e9e5008568aeacdd0e75/element/f.6A1DFD615A4615987D55B537AA3574C6.d.90E1CE8ED259B037AD6F1C87396D73C8.e.70/attribute/multiple'
[DEBUG] 

Request DefaultFullHttpRequest(decodeResult: success, version: HTTP/1.1, content: EmptyByteBufBE)
GET /session/cf8ada063fd4e9e5008568aeacdd0e75/element/f.6A1DFD615A4615987D55B537AA3574C6.d.90E1CE8ED259B037AD6F1C87396D73C8.e.70/attribute/multiple HTTP/1.1
User-Agent: selenium/4.11.0 (java windows)
Cache-Control: no-cache
Content-Type: application/json; charset=utf-8
host: localhost:11277
accept: */*

Response DefaultHttpResponse(decodeResult: success, version: HTTP/1.1)
HTTP/1.1 200 OK
Content-Length: 14
Content-Type: application/json; charset=utf-8
cache-control: no-cache

[DEBUG] Adding key: http://localhost:11277 for channel [id: 0xb52c8b36, L:/127.0.0.1:50175 - R:localhost/127.0.0.1:11277]
[DEBUG] Using pooled Channel '[id: 0xb52c8b36, L:/127.0.0.1:50175 - R:localhost/127.0.0.1:11277]' for 'POST' to 'http://localhost:11277/session/cf8ada063fd4e9e5008568aeacdd0e75/element'
[DEBUG] Using open Channel [id: 0xb52c8b36, L:/127.0.0.1:50175 - R:localhost/127.0.0.1:11277] for POST '/session/cf8ada063fd4e9e5008568aeacdd0e75/element'
[DEBUG] 

Request DefaultHttpRequest(decodeResult: success, version: HTTP/1.1)
POST /session/cf8ada063fd4e9e5008568aeacdd0e75/element HTTP/1.1
User-Agent: selenium/4.11.0 (java windows)
Content-Length: 69
Content-Type: application/json; charset=utf-8
host: localhost:11277
accept: */*

Response DefaultHttpResponse(decodeResult: success, version: HTTP/1.1)
HTTP/1.1 200 OK
Content-Length: 126
Content-Type: application/json; charset=utf-8
cache-control: no-cache

[DEBUG] Adding key: http://localhost:11277 for channel [id: 0xb52c8b36, L:/127.0.0.1:50175 - R:localhost/127.0.0.1:11277]
[DEBUG] Using pooled Channel '[id: 0xb52c8b36, L:/127.0.0.1:50175 - R:localhost/127.0.0.1:11277]' for 'GET' to 'http://localhost:11277/session/cf8ada063fd4e9e5008568aeacdd0e75/element/f.6A1DFD615A4615987D55B537AA3574C6.d.90E1CE8ED259B037AD6F1C87396D73C8.e.70/enabled'
[DEBUG] Using open Channel [id: 0xb52c8b36, L:/127.0.0.1:50175 - R:localhost/127.0.0.1:11277] for GET '/session/cf8ada063fd4e9e5008568aeacdd0e75/element/f.6A1DFD615A4615987D55B537AA3574C6.d.90E1CE8ED259B037AD6F1C87396D73C8.e.70/enabled'
[DEBUG] 

Request DefaultFullHttpRequest(decodeResult: success, version: HTTP/1.1, content: EmptyByteBufBE)
GET /session/cf8ada063fd4e9e5008568aeacdd0e75/element/f.6A1DFD615A4615987D55B537AA3574C6.d.90E1CE8ED259B037AD6F1C87396D73C8.e.70/enabled HTTP/1.1
User-Agent: selenium/4.11.0 (java windows)
Cache-Control: no-cache
Content-Type: application/json; charset=utf-8
host: localhost:11277
accept: */*

Response DefaultHttpResponse(decodeResult: success, version: HTTP/1.1)
HTTP/1.1 200 OK
Content-Length: 14
Content-Type: application/json; charset=utf-8
cache-control: no-cache

[DEBUG] Adding key: http://localhost:11277 for channel [id: 0xb52c8b36, L:/127.0.0.1:50175 - R:localhost/127.0.0.1:11277]
[DEBUG] Using pooled Channel '[id: 0xb52c8b36, L:/127.0.0.1:50175 - R:localhost/127.0.0.1:11277]' for 'POST' to 'http://localhost:11277/session/cf8ada063fd4e9e5008568aeacdd0e75/element'
[DEBUG] Using open Channel [id: 0xb52c8b36, L:/127.0.0.1:50175 - R:localhost/127.0.0.1:11277] for POST '/session/cf8ada063fd4e9e5008568aeacdd0e75/element'
[DEBUG] 

Request DefaultHttpRequest(decodeResult: success, version: HTTP/1.1)
POST /session/cf8ada063fd4e9e5008568aeacdd0e75/element HTTP/1.1
User-Agent: selenium/4.11.0 (java windows)
Content-Length: 69
Content-Type: application/json; charset=utf-8
host: localhost:11277
accept: */*

Response DefaultHttpResponse(decodeResult: success, version: HTTP/1.1)
HTTP/1.1 200 OK
Content-Length: 126
Content-Type: application/json; charset=utf-8
cache-control: no-cache

[DEBUG] Adding key: http://localhost:11277 for channel [id: 0xb52c8b36, L:/127.0.0.1:50175 - R:localhost/127.0.0.1:11277]
[DEBUG] Using pooled Channel '[id: 0xb52c8b36, L:/127.0.0.1:50175 - R:localhost/127.0.0.1:11277]' for 'POST' to 'http://localhost:11277/session/cf8ada063fd4e9e5008568aeacdd0e75/element/f.6A1DFD615A4615987D55B537AA3574C6.d.90E1CE8ED259B037AD6F1C87396D73C8.e.70/elements'
[DEBUG] Using open Channel [id: 0xb52c8b36, L:/127.0.0.1:50175 - R:localhost/127.0.0.1:11277] for POST '/session/cf8ada063fd4e9e5008568aeacdd0e75/element/f.6A1DFD615A4615987D55B537AA3574C6.d.90E1CE8ED259B037AD6F1C87396D73C8.e.70/elements'
[DEBUG] 

Request DefaultHttpRequest(decodeResult: success, version: HTTP/1.1)
POST /session/cf8ada063fd4e9e5008568aeacdd0e75/element/f.6A1DFD615A4615987D55B537AA3574C6.d.90E1CE8ED259B037AD6F1C87396D73C8.e.70/elements HTTP/1.1
User-Agent: selenium/4.11.0 (java windows)
Content-Length: 161
Content-Type: application/json; charset=utf-8
host: localhost:11277
accept: */*

Response DefaultHttpResponse(decodeResult: success, version: HTTP/1.1)
HTTP/1.1 200 OK
Content-Length: 128
Content-Type: application/json; charset=utf-8
cache-control: no-cache

[DEBUG] Adding key: http://localhost:11277 for channel [id: 0xb52c8b36, L:/127.0.0.1:50175 - R:localhost/127.0.0.1:11277]
[DEBUG] Using pooled Channel '[id: 0xb52c8b36, L:/127.0.0.1:50175 - R:localhost/127.0.0.1:11277]' for 'GET' to 'http://localhost:11277/session/cf8ada063fd4e9e5008568aeacdd0e75/element/f.6A1DFD615A4615987D55B537AA3574C6.d.90E1CE8ED259B037AD6F1C87396D73C8.e.92/enabled'
[DEBUG] Using open Channel [id: 0xb52c8b36, L:/127.0.0.1:50175 - R:localhost/127.0.0.1:11277] for GET '/session/cf8ada063fd4e9e5008568aeacdd0e75/element/f.6A1DFD615A4615987D55B537AA3574C6.d.90E1CE8ED259B037AD6F1C87396D73C8.e.92/enabled'
[DEBUG] 

Request DefaultFullHttpRequest(decodeResult: success, version: HTTP/1.1, content: EmptyByteBufBE)
GET /session/cf8ada063fd4e9e5008568aeacdd0e75/element/f.6A1DFD615A4615987D55B537AA3574C6.d.90E1CE8ED259B037AD6F1C87396D73C8.e.92/enabled HTTP/1.1
User-Agent: selenium/4.11.0 (java windows)
Cache-Control: no-cache
Content-Type: application/json; charset=utf-8
host: localhost:11277
accept: */*

Response DefaultHttpResponse(decodeResult: success, version: HTTP/1.1)
HTTP/1.1 200 OK
Content-Length: 14
Content-Type: application/json; charset=utf-8
cache-control: no-cache

[DEBUG] Adding key: http://localhost:11277 for channel [id: 0xb52c8b36, L:/127.0.0.1:50175 - R:localhost/127.0.0.1:11277]
[DEBUG] Using pooled Channel '[id: 0xb52c8b36, L:/127.0.0.1:50175 - R:localhost/127.0.0.1:11277]' for 'GET' to 'http://localhost:11277/session/cf8ada063fd4e9e5008568aeacdd0e75/element/f.6A1DFD615A4615987D55B537AA3574C6.d.90E1CE8ED259B037AD6F1C87396D73C8.e.92/selected'
[DEBUG] Using open Channel [id: 0xb52c8b36, L:/127.0.0.1:50175 - R:localhost/127.0.0.1:11277] for GET '/session/cf8ada063fd4e9e5008568aeacdd0e75/element/f.6A1DFD615A4615987D55B537AA3574C6.d.90E1CE8ED259B037AD6F1C87396D73C8.e.92/selected'
[DEBUG] 

Request DefaultFullHttpRequest(decodeResult: success, version: HTTP/1.1, content: EmptyByteBufBE)
GET /session/cf8ada063fd4e9e5008568aeacdd0e75/element/f.6A1DFD615A4615987D55B537AA3574C6.d.90E1CE8ED259B037AD6F1C87396D73C8.e.92/selected HTTP/1.1
User-Agent: selenium/4.11.0 (java windows)
Cache-Control: no-cache
Content-Type: application/json; charset=utf-8
host: localhost:11277
accept: */*

Response DefaultHttpResponse(decodeResult: success, version: HTTP/1.1)
HTTP/1.1 200 OK
Content-Length: 15
Content-Type: application/json; charset=utf-8
cache-control: no-cache

[DEBUG] Adding key: http://localhost:11277 for channel [id: 0xb52c8b36, L:/127.0.0.1:50175 - R:localhost/127.0.0.1:11277]
[DEBUG] Using pooled Channel '[id: 0xb52c8b36, L:/127.0.0.1:50175 - R:localhost/127.0.0.1:11277]' for 'POST' to 'http://localhost:11277/session/cf8ada063fd4e9e5008568aeacdd0e75/element/f.6A1DFD615A4615987D55B537AA3574C6.d.90E1CE8ED259B037AD6F1C87396D73C8.e.92/click'
[DEBUG] Using open Channel [id: 0xb52c8b36, L:/127.0.0.1:50175 - R:localhost/127.0.0.1:11277] for POST '/session/cf8ada063fd4e9e5008568aeacdd0e75/element/f.6A1DFD615A4615987D55B537AA3574C6.d.90E1CE8ED259B037AD6F1C87396D73C8.e.92/click'
[DEBUG] 

Request DefaultHttpRequest(decodeResult: success, version: HTTP/1.1)
POST /session/cf8ada063fd4e9e5008568aeacdd0e75/element/f.6A1DFD615A4615987D55B537AA3574C6.d.90E1CE8ED259B037AD6F1C87396D73C8.e.92/click HTTP/1.1
User-Agent: selenium/4.11.0 (java windows)
Content-Length: 88
Content-Type: application/json; charset=utf-8
host: localhost:11277
accept: */*

Response DefaultHttpResponse(decodeResult: success, version: HTTP/1.1)
HTTP/1.1 200 OK
Content-Length: 14
Content-Type: application/json; charset=utf-8
cache-control: no-cache

[DEBUG] Adding key: http://localhost:11277 for channel [id: 0xb52c8b36, L:/127.0.0.1:50175 - R:localhost/127.0.0.1:11277]
[DEBUG] Entry count for : http://localhost:11277 : 1
[DEBUG] Entry count for : http://localhost:50176 : 1
[DEBUG] Entry count for : http://localhost:11277 : 1
[DEBUG] Entry count for : http://localhost:50176 : 1
[DEBUG] Entry count for : http://localhost:11277 : 1
[DEBUG] Entry count for : http://localhost:50176 : 1
[DEBUG] Using pooled Channel '[id: 0xb52c8b36, L:/127.0.0.1:50175 - R:localhost/127.0.0.1:11277]' for 'POST' to 'http://localhost:11277/session/cf8ada063fd4e9e5008568aeacdd0e75/element'
[DEBUG] Using open Channel [id: 0xb52c8b36, L:/127.0.0.1:50175 - R:localhost/127.0.0.1:11277] for POST '/session/cf8ada063fd4e9e5008568aeacdd0e75/element'
[DEBUG] 

Request DefaultHttpRequest(decodeResult: success, version: HTTP/1.1)
POST /session/cf8ada063fd4e9e5008568aeacdd0e75/element HTTP/1.1
User-Agent: selenium/4.11.0 (java windows)
Content-Length: 59
Content-Type: application/json; charset=utf-8
host: localhost:11277
accept: */*

Response DefaultHttpResponse(decodeResult: success, version: HTTP/1.1)
HTTP/1.1 200 OK
Content-Length: 126
Content-Type: application/json; charset=utf-8
cache-control: no-cache

[DEBUG] Adding key: http://localhost:11277 for channel [id: 0xb52c8b36, L:/127.0.0.1:50175 - R:localhost/127.0.0.1:11277]
[DEBUG] Using pooled Channel '[id: 0xb52c8b36, L:/127.0.0.1:50175 - R:localhost/127.0.0.1:11277]' for 'POST' to 'http://localhost:11277/session/cf8ada063fd4e9e5008568aeacdd0e75/element/f.6A1DFD615A4615987D55B537AA3574C6.d.90E1CE8ED259B037AD6F1C87396D73C8.e.62/value'
[DEBUG] Using open Channel [id: 0xb52c8b36, L:/127.0.0.1:50175 - R:localhost/127.0.0.1:11277] for POST '/session/cf8ada063fd4e9e5008568aeacdd0e75/element/f.6A1DFD615A4615987D55B537AA3574C6.d.90E1CE8ED259B037AD6F1C87396D73C8.e.62/value'
[DEBUG] 

Request DefaultHttpRequest(decodeResult: success, version: HTTP/1.1)
POST /session/cf8ada063fd4e9e5008568aeacdd0e75/element/f.6A1DFD615A4615987D55B537AA3574C6.d.90E1CE8ED259B037AD6F1C87396D73C8.e.62/value HTTP/1.1
User-Agent: selenium/4.11.0 (java windows)
Content-Length: 409
Content-Type: application/json; charset=utf-8
host: localhost:11277
accept: */*

Response DefaultHttpResponse(decodeResult: success, version: HTTP/1.1)
HTTP/1.1 200 OK
Content-Length: 14
Content-Type: application/json; charset=utf-8
cache-control: no-cache

[DEBUG] Adding key: http://localhost:11277 for channel [id: 0xb52c8b36, L:/127.0.0.1:50175 - R:localhost/127.0.0.1:11277]
[DEBUG] Entry count for : http://localhost:11277 : 1
[DEBUG] Entry count for : http://localhost:50176 : 1
[DEBUG] Entry count for : http://localhost:11277 : 1
[DEBUG] Entry count for : http://localhost:50176 : 1
[DEBUG] Entry count for : http://localhost:11277 : 1
[DEBUG] Entry count for : http://localhost:50176 : 1
[DEBUG] Entry count for : http://localhost:11277 : 1
[DEBUG] Entry count for : http://localhost:50176 : 1
[DEBUG] Using pooled Channel '[id: 0xb52c8b36, L:/127.0.0.1:50175 - R:localhost/127.0.0.1:11277]' for 'POST' to 'http://localhost:11277/session/cf8ada063fd4e9e5008568aeacdd0e75/element'
[DEBUG] Using open Channel [id: 0xb52c8b36, L:/127.0.0.1:50175 - R:localhost/127.0.0.1:11277] for POST '/session/cf8ada063fd4e9e5008568aeacdd0e75/element'
[DEBUG] 

Request DefaultHttpRequest(decodeResult: success, version: HTTP/1.1)
POST /session/cf8ada063fd4e9e5008568aeacdd0e75/element HTTP/1.1
User-Agent: selenium/4.11.0 (java windows)
Content-Length: 52
Content-Type: application/json; charset=utf-8
host: localhost:11277
accept: */*

Response DefaultHttpResponse(decodeResult: success, version: HTTP/1.1)
HTTP/1.1 200 OK
Content-Length: 126
Content-Type: application/json; charset=utf-8
cache-control: no-cache

[DEBUG] Adding key: http://localhost:11277 for channel [id: 0xb52c8b36, L:/127.0.0.1:50175 - R:localhost/127.0.0.1:11277]
[DEBUG] Using pooled Channel '[id: 0xb52c8b36, L:/127.0.0.1:50175 - R:localhost/127.0.0.1:11277]' for 'POST' to 'http://localhost:11277/session/cf8ada063fd4e9e5008568aeacdd0e75/element/f.6A1DFD615A4615987D55B537AA3574C6.d.90E1CE8ED259B037AD6F1C87396D73C8.e.63/value'
[DEBUG] Using open Channel [id: 0xb52c8b36, L:/127.0.0.1:50175 - R:localhost/127.0.0.1:11277] for POST '/session/cf8ada063fd4e9e5008568aeacdd0e75/element/f.6A1DFD615A4615987D55B537AA3574C6.d.90E1CE8ED259B037AD6F1C87396D73C8.e.63/value'
[DEBUG] 

Request DefaultHttpRequest(decodeResult: success, version: HTTP/1.1)
POST /session/cf8ada063fd4e9e5008568aeacdd0e75/element/f.6A1DFD615A4615987D55B537AA3574C6.d.90E1CE8ED259B037AD6F1C87396D73C8.e.63/value HTTP/1.1
User-Agent: selenium/4.11.0 (java windows)
Content-Length: 289
Content-Type: application/json; charset=utf-8
host: localhost:11277
accept: */*

Response DefaultHttpResponse(decodeResult: success, version: HTTP/1.1)
HTTP/1.1 200 OK
Content-Length: 14
Content-Type: application/json; charset=utf-8
cache-control: no-cache

[DEBUG] Adding key: http://localhost:11277 for channel [id: 0xb52c8b36, L:/127.0.0.1:50175 - R:localhost/127.0.0.1:11277]
[DEBUG] Entry count for : http://localhost:11277 : 1
[DEBUG] Entry count for : http://localhost:50176 : 1
[DEBUG] Entry count for : http://localhost:11277 : 1
[DEBUG] Entry count for : http://localhost:50176 : 1
[DEBUG] Entry count for : http://localhost:11277 : 1
[DEBUG] Entry count for : http://localhost:50176 : 1
[DEBUG] Using pooled Channel '[id: 0xb52c8b36, L:/127.0.0.1:50175 - R:localhost/127.0.0.1:11277]' for 'POST' to 'http://localhost:11277/session/cf8ada063fd4e9e5008568aeacdd0e75/element'
[DEBUG] Using open Channel [id: 0xb52c8b36, L:/127.0.0.1:50175 - R:localhost/127.0.0.1:11277] for POST '/session/cf8ada063fd4e9e5008568aeacdd0e75/element'
[DEBUG] 

Request DefaultHttpRequest(decodeResult: success, version: HTTP/1.1)
POST /session/cf8ada063fd4e9e5008568aeacdd0e75/element HTTP/1.1
User-Agent: selenium/4.11.0 (java windows)
Content-Length: 53
Content-Type: application/json; charset=utf-8
host: localhost:11277
accept: */*

Response DefaultHttpResponse(decodeResult: success, version: HTTP/1.1)
HTTP/1.1 200 OK
Content-Length: 126
Content-Type: application/json; charset=utf-8
cache-control: no-cache

[DEBUG] Adding key: http://localhost:11277 for channel [id: 0xb52c8b36, L:/127.0.0.1:50175 - R:localhost/127.0.0.1:11277]
[DEBUG] Using pooled Channel '[id: 0xb52c8b36, L:/127.0.0.1:50175 - R:localhost/127.0.0.1:11277]' for 'POST' to 'http://localhost:11277/session/cf8ada063fd4e9e5008568aeacdd0e75/element/f.6A1DFD615A4615987D55B537AA3574C6.d.90E1CE8ED259B037AD6F1C87396D73C8.e.65/value'
[DEBUG] Using open Channel [id: 0xb52c8b36, L:/127.0.0.1:50175 - R:localhost/127.0.0.1:11277] for POST '/session/cf8ada063fd4e9e5008568aeacdd0e75/element/f.6A1DFD615A4615987D55B537AA3574C6.d.90E1CE8ED259B037AD6F1C87396D73C8.e.65/value'
[DEBUG] 

Request DefaultHttpRequest(decodeResult: success, version: HTTP/1.1)
POST /session/cf8ada063fd4e9e5008568aeacdd0e75/element/f.6A1DFD615A4615987D55B537AA3574C6.d.90E1CE8ED259B037AD6F1C87396D73C8.e.65/value HTTP/1.1
User-Agent: selenium/4.11.0 (java windows)
Content-Length: 209
Content-Type: application/json; charset=utf-8
host: localhost:11277
accept: */*

Response DefaultHttpResponse(decodeResult: success, version: HTTP/1.1)
HTTP/1.1 200 OK
Content-Length: 14
Content-Type: application/json; charset=utf-8
cache-control: no-cache

[DEBUG] Adding key: http://localhost:11277 for channel [id: 0xb52c8b36, L:/127.0.0.1:50175 - R:localhost/127.0.0.1:11277]
[DEBUG] Entry count for : http://localhost:11277 : 1
[DEBUG] Entry count for : http://localhost:50176 : 1
[DEBUG] Entry count for : http://localhost:11277 : 1
[DEBUG] Entry count for : http://localhost:50176 : 1
[DEBUG] Entry count for : http://localhost:11277 : 1
[DEBUG] Entry count for : http://localhost:50176 : 1
[DEBUG] Using pooled Channel '[id: 0xb52c8b36, L:/127.0.0.1:50175 - R:localhost/127.0.0.1:11277]' for 'POST' to 'http://localhost:11277/session/cf8ada063fd4e9e5008568aeacdd0e75/element'
[DEBUG] Using open Channel [id: 0xb52c8b36, L:/127.0.0.1:50175 - R:localhost/127.0.0.1:11277] for POST '/session/cf8ada063fd4e9e5008568aeacdd0e75/element'
[DEBUG] 

Request DefaultHttpRequest(decodeResult: success, version: HTTP/1.1)
POST /session/cf8ada063fd4e9e5008568aeacdd0e75/element HTTP/1.1
User-Agent: selenium/4.11.0 (java windows)
Content-Length: 60
Content-Type: application/json; charset=utf-8
host: localhost:11277
accept: */*

Response DefaultHttpResponse(decodeResult: success, version: HTTP/1.1)
HTTP/1.1 200 OK
Content-Length: 126
Content-Type: application/json; charset=utf-8
cache-control: no-cache

[DEBUG] Adding key: http://localhost:11277 for channel [id: 0xb52c8b36, L:/127.0.0.1:50175 - R:localhost/127.0.0.1:11277]
[DEBUG] Using pooled Channel '[id: 0xb52c8b36, L:/127.0.0.1:50175 - R:localhost/127.0.0.1:11277]' for 'POST' to 'http://localhost:11277/session/cf8ada063fd4e9e5008568aeacdd0e75/element/f.6A1DFD615A4615987D55B537AA3574C6.d.90E1CE8ED259B037AD6F1C87396D73C8.e.66/value'
[DEBUG] Using open Channel [id: 0xb52c8b36, L:/127.0.0.1:50175 - R:localhost/127.0.0.1:11277] for POST '/session/cf8ada063fd4e9e5008568aeacdd0e75/element/f.6A1DFD615A4615987D55B537AA3574C6.d.90E1CE8ED259B037AD6F1C87396D73C8.e.66/value'
[DEBUG] 

Request DefaultHttpRequest(decodeResult: success, version: HTTP/1.1)
POST /session/cf8ada063fd4e9e5008568aeacdd0e75/element/f.6A1DFD615A4615987D55B537AA3574C6.d.90E1CE8ED259B037AD6F1C87396D73C8.e.66/value HTTP/1.1
User-Agent: selenium/4.11.0 (java windows)
Content-Length: 209
Content-Type: application/json; charset=utf-8
host: localhost:11277
accept: */*

Response DefaultHttpResponse(decodeResult: success, version: HTTP/1.1)
HTTP/1.1 200 OK
Content-Length: 14
Content-Type: application/json; charset=utf-8
cache-control: no-cache

[DEBUG] Adding key: http://localhost:11277 for channel [id: 0xb52c8b36, L:/127.0.0.1:50175 - R:localhost/127.0.0.1:11277]
[DEBUG] Entry count for : http://localhost:11277 : 1
[DEBUG] Entry count for : http://localhost:50176 : 1
[DEBUG] Entry count for : http://localhost:11277 : 1
[DEBUG] Entry count for : http://localhost:50176 : 1
[DEBUG] Using pooled Channel '[id: 0xb52c8b36, L:/127.0.0.1:50175 - R:localhost/127.0.0.1:11277]' for 'POST' to 'http://localhost:11277/session/cf8ada063fd4e9e5008568aeacdd0e75/element'
[DEBUG] Using open Channel [id: 0xb52c8b36, L:/127.0.0.1:50175 - R:localhost/127.0.0.1:11277] for POST '/session/cf8ada063fd4e9e5008568aeacdd0e75/element'
[DEBUG] 

Request DefaultHttpRequest(decodeResult: success, version: HTTP/1.1)
POST /session/cf8ada063fd4e9e5008568aeacdd0e75/element HTTP/1.1
User-Agent: selenium/4.11.0 (java windows)
Content-Length: 69
Content-Type: application/json; charset=utf-8
host: localhost:11277
accept: */*

Response DefaultHttpResponse(decodeResult: success, version: HTTP/1.1)
HTTP/1.1 200 OK
Content-Length: 126
Content-Type: application/json; charset=utf-8
cache-control: no-cache

[DEBUG] Adding key: http://localhost:11277 for channel [id: 0xb52c8b36, L:/127.0.0.1:50175 - R:localhost/127.0.0.1:11277]
[DEBUG] Using pooled Channel '[id: 0xb52c8b36, L:/127.0.0.1:50175 - R:localhost/127.0.0.1:11277]' for 'POST' to 'http://localhost:11277/session/cf8ada063fd4e9e5008568aeacdd0e75/element/f.6A1DFD615A4615987D55B537AA3574C6.d.90E1CE8ED259B037AD6F1C87396D73C8.e.74/click'
[DEBUG] Using open Channel [id: 0xb52c8b36, L:/127.0.0.1:50175 - R:localhost/127.0.0.1:11277] for POST '/session/cf8ada063fd4e9e5008568aeacdd0e75/element/f.6A1DFD615A4615987D55B537AA3574C6.d.90E1CE8ED259B037AD6F1C87396D73C8.e.74/click'
[DEBUG] Entry count for : http://localhost:50176 : 1
[DEBUG] 

Request DefaultHttpRequest(decodeResult: success, version: HTTP/1.1)
POST /session/cf8ada063fd4e9e5008568aeacdd0e75/element/f.6A1DFD615A4615987D55B537AA3574C6.d.90E1CE8ED259B037AD6F1C87396D73C8.e.74/click HTTP/1.1
User-Agent: selenium/4.11.0 (java windows)
Content-Length: 88
Content-Type: application/json; charset=utf-8
host: localhost:11277
accept: */*

Response DefaultHttpResponse(decodeResult: success, version: HTTP/1.1)
HTTP/1.1 200 OK
Content-Length: 14
Content-Type: application/json; charset=utf-8
cache-control: no-cache

[DEBUG] Adding key: http://localhost:11277 for channel [id: 0xb52c8b36, L:/127.0.0.1:50175 - R:localhost/127.0.0.1:11277]
[DEBUG] Entry count for : http://localhost:11277 : 1
[DEBUG] Entry count for : http://localhost:50176 : 1
[DEBUG] Entry count for : http://localhost:11277 : 1
[DEBUG] Entry count for : http://localhost:50176 : 1
[DEBUG] Using pooled Channel '[id: 0xb52c8b36, L:/127.0.0.1:50175 - R:localhost/127.0.0.1:11277]' for 'DELETE' to 'http://localhost:11277/session/cf8ada063fd4e9e5008568aeacdd0e75/window'
[DEBUG] Using open Channel [id: 0xb52c8b36, L:/127.0.0.1:50175 - R:localhost/127.0.0.1:11277] for DELETE '/session/cf8ada063fd4e9e5008568aeacdd0e75/window'
[DEBUG] Channel Closed: [id: 0x3ffb5bcd, L:/127.0.0.1:50182 ! R:localhost/127.0.0.1:50176] with attribute DISCARD
[DEBUG] Channel Closed: [id: 0x8cd3eb82, L:/127.0.0.1:50184 ! R:localhost/127.0.0.1:50176] with attribute NettyResponseFuture{currentRetry=0,
	isDone=1,
	isCancelled=0,
	asyncHandler=org.asynchttpclient.ws.WebSocketUpgradeHandler@2ca2f8de,
	nettyRequest=org.asynchttpclient.netty.request.NettyRequest@7c577094,
	future=java.util.concurrent.CompletableFuture@203fd716[Completed normally],
	uri=ws://localhost:50176/devtools/browser/af23976a-d99a-4021-9249-4ae26e1b9529,
	keepAlive=true,
	redirectCount=0,
	timeoutsHolder=null,
	inAuth=0,
	touch=1718543778184}
[DEBUG] Closing Channel [id: 0x8cd3eb82, L:/127.0.0.1:50184 ! R:localhost/127.0.0.1:50176] 
[DEBUG] 

Request DefaultFullHttpRequest(decodeResult: success, version: HTTP/1.1, content: EmptyByteBufBE)
DELETE /session/cf8ada063fd4e9e5008568aeacdd0e75/window HTTP/1.1
User-Agent: selenium/4.11.0 (java windows)
Content-Type: application/json; charset=utf-8
host: localhost:11277
accept: */*

Response DefaultHttpResponse(decodeResult: success, version: HTTP/1.1)
HTTP/1.1 200 OK
Content-Length: 12
Content-Type: application/json; charset=utf-8
cache-control: no-cache

[DEBUG] Adding key: http://localhost:11277 for channel [id: 0xb52c8b36, L:/127.0.0.1:50175 - R:localhost/127.0.0.1:11277]
]]></system-out>
    <system-err><![CDATA[Jun 16, 2024 6:46:18 PM org.openqa.selenium.devtools.CdpVersionFinder findNearestMatch
WARNING: Unable to find CDP implementation matching 125
Jun 16, 2024 6:46:18 PM org.openqa.selenium.chromium.ChromiumDriver lambda$new$5
WARNING: Unable to find version of CDP to use for 125.0.6422.176. You may need to include a dependency on a specific version of the CDP using something similar to `org.seleniumhq.selenium:selenium-devtools-v86:4.11.0` where the version ("v86") matches the version of the chromium-based browser you're using and the version number of the artifact is the same as Selenium's.
]]></system-err>
  </testcase>
</testsuite>